<?xml version="1.0" encoding="UTF-8"?>
<testsuite name="GET Feeds - Change in Liabilities"
           tests="13"
           failures="7"
           errors="0"
           skipped="0"
           time="1113.643">
  <properties />
            <testcase name="testGetNotificationsForChangeInLiabilities" time="67.172" classname="com.yodlee.app.yodleeApi.Insights.Notifications.V2.TestGetInsightsForChangeInLiabilities">
                <failure type="java.lang.AssertionError"
                  message="There is no CHANGE_IN_LIABILITIES insight generated in the given scheduled time"
              >
<![CDATA[java.lang.AssertionError: There is no CHANGE_IN_LIABILITIES insight generated in the given scheduled time
  org.testng.Assert.fail(Assert.java:94)
  com.yodlee.app.yodleeApi.Insights.Notifications.V2.TestGetInsightsForChangeInLiabilities.testGetNotificationsForChangeInLiabilities(TestGetInsightsForChangeInLiabilities.java:298)
  sun.reflect.NativeMethodAccessorImpl.invoke0(Native Method)
  sun.reflect.NativeMethodAccessorImpl.invoke(Unknown Source)
  sun.reflect.DelegatingMethodAccessorImpl.invoke(Unknown Source)
  java.lang.reflect.Method.invoke(Unknown Source)
  org.testng.internal.MethodInvocationHelper.invokeMethod(MethodInvocationHelper.java:104)
  org.testng.internal.Invoker.invokeMethod(Invoker.java:645)
  org.testng.internal.Invoker.invokeTestMethod(Invoker.java:851)
  org.testng.internal.Invoker.invokeTestMethods(Invoker.java:1177)
  org.testng.internal.TestMethodWorker.invokeTestMethods(TestMethodWorker.java:129)
  org.testng.internal.TestMethodWorker.run(TestMethodWorker.java:112)
  java.util.concurrent.ThreadPoolExecutor.runWorker(Unknown Source)
  java.util.concurrent.ThreadPoolExecutor$Worker.run(Unknown Source)
  java.lang.Thread.run(Unknown Source)
]]>
      </failure>

          </testcase>
            <testcase name="testGetNotificationsForChangeInLiabilities" time="68.849" classname="com.yodlee.app.yodleeApi.Insights.Notifications.V2.TestGetInsightsForChangeInLiabilities">
                <failure type="java.lang.AssertionError"
                  message="There is no CHANGE_IN_LIABILITIES insight generated in the given scheduled time"
              >
<![CDATA[java.lang.AssertionError: There is no CHANGE_IN_LIABILITIES insight generated in the given scheduled time
  org.testng.Assert.fail(Assert.java:94)
  com.yodlee.app.yodleeApi.Insights.Notifications.V2.TestGetInsightsForChangeInLiabilities.testGetNotificationsForChangeInLiabilities(TestGetInsightsForChangeInLiabilities.java:298)
  sun.reflect.NativeMethodAccessorImpl.invoke0(Native Method)
  sun.reflect.NativeMethodAccessorImpl.invoke(Unknown Source)
  sun.reflect.DelegatingMethodAccessorImpl.invoke(Unknown Source)
  java.lang.reflect.Method.invoke(Unknown Source)
  org.testng.internal.MethodInvocationHelper.invokeMethod(MethodInvocationHelper.java:104)
  org.testng.internal.Invoker.invokeMethod(Invoker.java:645)
  org.testng.internal.Invoker.invokeTestMethod(Invoker.java:851)
  org.testng.internal.Invoker.invokeTestMethods(Invoker.java:1177)
  org.testng.internal.TestMethodWorker.invokeTestMethods(TestMethodWorker.java:129)
  org.testng.internal.TestMethodWorker.run(TestMethodWorker.java:112)
  java.util.concurrent.ThreadPoolExecutor.runWorker(Unknown Source)
  java.util.concurrent.ThreadPoolExecutor$Worker.run(Unknown Source)
  java.lang.Thread.run(Unknown Source)
]]>
      </failure>

          </testcase>
            <testcase name="testGetNotificationsForChangeInLiabilities" time="65.859" classname="com.yodlee.app.yodleeApi.Insights.Notifications.V2.TestGetInsightsForChangeInLiabilities">
                <failure type="java.lang.AssertionError"
                  message="There is no CHANGE_IN_LIABILITIES insight generated in the given scheduled time"
              >
<![CDATA[java.lang.AssertionError: There is no CHANGE_IN_LIABILITIES insight generated in the given scheduled time
  org.testng.Assert.fail(Assert.java:94)
  com.yodlee.app.yodleeApi.Insights.Notifications.V2.TestGetInsightsForChangeInLiabilities.testGetNotificationsForChangeInLiabilities(TestGetInsightsForChangeInLiabilities.java:298)
  sun.reflect.NativeMethodAccessorImpl.invoke0(Native Method)
  sun.reflect.NativeMethodAccessorImpl.invoke(Unknown Source)
  sun.reflect.DelegatingMethodAccessorImpl.invoke(Unknown Source)
  java.lang.reflect.Method.invoke(Unknown Source)
  org.testng.internal.MethodInvocationHelper.invokeMethod(MethodInvocationHelper.java:104)
  org.testng.internal.Invoker.invokeMethod(Invoker.java:645)
  org.testng.internal.Invoker.invokeTestMethod(Invoker.java:851)
  org.testng.internal.Invoker.invokeTestMethods(Invoker.java:1177)
  org.testng.internal.TestMethodWorker.invokeTestMethods(TestMethodWorker.java:129)
  org.testng.internal.TestMethodWorker.run(TestMethodWorker.java:112)
  java.util.concurrent.ThreadPoolExecutor.runWorker(Unknown Source)
  java.util.concurrent.ThreadPoolExecutor$Worker.run(Unknown Source)
  java.lang.Thread.run(Unknown Source)
]]>
      </failure>

          </testcase>
            <testcase name="testGetNotificationsForChangeInLiabilities" time="66.137" classname="com.yodlee.app.yodleeApi.Insights.Notifications.V2.TestGetInsightsForChangeInLiabilities">
                <failure type="java.lang.AssertionError"
                  message="There is no CHANGE_IN_LIABILITIES insight generated in the given scheduled time"
              >
<![CDATA[java.lang.AssertionError: There is no CHANGE_IN_LIABILITIES insight generated in the given scheduled time
  org.testng.Assert.fail(Assert.java:94)
  com.yodlee.app.yodleeApi.Insights.Notifications.V2.TestGetInsightsForChangeInLiabilities.testGetNotificationsForChangeInLiabilities(TestGetInsightsForChangeInLiabilities.java:298)
  sun.reflect.NativeMethodAccessorImpl.invoke0(Native Method)
  sun.reflect.NativeMethodAccessorImpl.invoke(Unknown Source)
  sun.reflect.DelegatingMethodAccessorImpl.invoke(Unknown Source)
  java.lang.reflect.Method.invoke(Unknown Source)
  org.testng.internal.MethodInvocationHelper.invokeMethod(MethodInvocationHelper.java:104)
  org.testng.internal.Invoker.invokeMethod(Invoker.java:645)
  org.testng.internal.Invoker.invokeTestMethod(Invoker.java:851)
  org.testng.internal.Invoker.invokeTestMethods(Invoker.java:1177)
  org.testng.internal.TestMethodWorker.invokeTestMethods(TestMethodWorker.java:129)
  org.testng.internal.TestMethodWorker.run(TestMethodWorker.java:112)
  java.util.concurrent.ThreadPoolExecutor.runWorker(Unknown Source)
  java.util.concurrent.ThreadPoolExecutor$Worker.run(Unknown Source)
  java.lang.Thread.run(Unknown Source)
]]>
      </failure>

          </testcase>
            <testcase name="testGetNotificationsForChangeInLiabilities" time="79.450" classname="com.yodlee.app.yodleeApi.Insights.Notifications.V2.TestGetInsightsForChangeInLiabilities">
                <failure type="java.lang.NullPointerException"
                  message="(null)"
              >
<![CDATA[java.lang.NullPointerException
  com.yodlee.insights.yodleeApi.utils.NotifiedInsightsDataValidation.verifyGeneratedInsightsV2(NotifiedInsightsDataValidation.java:111)
  com.yodlee.app.yodleeApi.Insights.Notifications.V2.TestGetInsightsForChangeInLiabilities.testGetNotificationsForChangeInLiabilities(TestGetInsightsForChangeInLiabilities.java:301)
  sun.reflect.NativeMethodAccessorImpl.invoke0(Native Method)
  sun.reflect.NativeMethodAccessorImpl.invoke(Unknown Source)
  sun.reflect.DelegatingMethodAccessorImpl.invoke(Unknown Source)
  java.lang.reflect.Method.invoke(Unknown Source)
  org.testng.internal.MethodInvocationHelper.invokeMethod(MethodInvocationHelper.java:104)
  org.testng.internal.Invoker.invokeMethod(Invoker.java:645)
  org.testng.internal.Invoker.invokeTestMethod(Invoker.java:851)
  org.testng.internal.Invoker.invokeTestMethods(Invoker.java:1177)
  org.testng.internal.TestMethodWorker.invokeTestMethods(TestMethodWorker.java:129)
  org.testng.internal.TestMethodWorker.run(TestMethodWorker.java:112)
  java.util.concurrent.ThreadPoolExecutor.runWorker(Unknown Source)
  java.util.concurrent.ThreadPoolExecutor$Worker.run(Unknown Source)
  java.lang.Thread.run(Unknown Source)
]]>
      </failure>

          </testcase>
            <testcase name="testGetNotificationsForChangeInLiabilities" time="66.908" classname="com.yodlee.app.yodleeApi.Insights.Notifications.V2.TestGetInsightsForChangeInLiabilities">
                <failure type="java.lang.AssertionError"
                  message="There is no CHANGE_IN_LIABILITIES insight generated in the given scheduled time"
              >
<![CDATA[java.lang.AssertionError: There is no CHANGE_IN_LIABILITIES insight generated in the given scheduled time
  org.testng.Assert.fail(Assert.java:94)
  com.yodlee.app.yodleeApi.Insights.Notifications.V2.TestGetInsightsForChangeInLiabilities.testGetNotificationsForChangeInLiabilities(TestGetInsightsForChangeInLiabilities.java:298)
  sun.reflect.NativeMethodAccessorImpl.invoke0(Native Method)
  sun.reflect.NativeMethodAccessorImpl.invoke(Unknown Source)
  sun.reflect.DelegatingMethodAccessorImpl.invoke(Unknown Source)
  java.lang.reflect.Method.invoke(Unknown Source)
  org.testng.internal.MethodInvocationHelper.invokeMethod(MethodInvocationHelper.java:104)
  org.testng.internal.Invoker.invokeMethod(Invoker.java:645)
  org.testng.internal.Invoker.invokeTestMethod(Invoker.java:851)
  org.testng.internal.Invoker.invokeTestMethods(Invoker.java:1177)
  org.testng.internal.TestMethodWorker.invokeTestMethods(TestMethodWorker.java:129)
  org.testng.internal.TestMethodWorker.run(TestMethodWorker.java:112)
  java.util.concurrent.ThreadPoolExecutor.runWorker(Unknown Source)
  java.util.concurrent.ThreadPoolExecutor$Worker.run(Unknown Source)
  java.lang.Thread.run(Unknown Source)
]]>
      </failure>

          </testcase>
            <testcase name="testGetNotificationsForChangeInLiabilities" time="68.809" classname="com.yodlee.app.yodleeApi.Insights.Notifications.V2.TestGetInsightsForChangeInLiabilities">
                <failure type="java.lang.AssertionError"
                  message="There is no CHANGE_IN_LIABILITIES insight generated in the given scheduled time"
              >
<![CDATA[java.lang.AssertionError: There is no CHANGE_IN_LIABILITIES insight generated in the given scheduled time
  org.testng.Assert.fail(Assert.java:94)
  com.yodlee.app.yodleeApi.Insights.Notifications.V2.TestGetInsightsForChangeInLiabilities.testGetNotificationsForChangeInLiabilities(TestGetInsightsForChangeInLiabilities.java:298)
  sun.reflect.NativeMethodAccessorImpl.invoke0(Native Method)
  sun.reflect.NativeMethodAccessorImpl.invoke(Unknown Source)
  sun.reflect.DelegatingMethodAccessorImpl.invoke(Unknown Source)
  java.lang.reflect.Method.invoke(Unknown Source)
  org.testng.internal.MethodInvocationHelper.invokeMethod(MethodInvocationHelper.java:104)
  org.testng.internal.Invoker.invokeMethod(Invoker.java:645)
  org.testng.internal.Invoker.invokeTestMethod(Invoker.java:851)
  org.testng.internal.Invoker.invokeTestMethods(Invoker.java:1177)
  org.testng.internal.TestMethodWorker.invokeTestMethods(TestMethodWorker.java:129)
  org.testng.internal.TestMethodWorker.run(TestMethodWorker.java:112)
  java.util.concurrent.ThreadPoolExecutor.runWorker(Unknown Source)
  java.util.concurrent.ThreadPoolExecutor$Worker.run(Unknown Source)
  java.lang.Thread.run(Unknown Source)
]]>
      </failure>

          </testcase>
  
  
            <testcase name="testGetNotificationsForChangeInLiabilities" time="99.324" classname="com.yodlee.app.yodleeApi.Insights.Notifications.V2.TestGetInsightsForChangeInLiabilities" />
                <testcase name="testGetNotificationsForChangeInLiabilities" time="99.198" classname="com.yodlee.app.yodleeApi.Insights.Notifications.V2.TestGetInsightsForChangeInLiabilities" />
                <testcase name="testGetNotificationsForChangeInLiabilities" time="99.766" classname="com.yodlee.app.yodleeApi.Insights.Notifications.V2.TestGetInsightsForChangeInLiabilities" />
                <testcase name="testGetNotificationsForChangeInLiabilities" time="134.620" classname="com.yodlee.app.yodleeApi.Insights.Notifications.V2.TestGetInsightsForChangeInLiabilities" />
                <testcase name="testGetNotificationsForChangeInLiabilities" time="99.610" classname="com.yodlee.app.yodleeApi.Insights.Notifications.V2.TestGetInsightsForChangeInLiabilities" />
                <testcase name="testGetNotificationsForChangeInLiabilities" time="97.941" classname="com.yodlee.app.yodleeApi.Insights.Notifications.V2.TestGetInsightsForChangeInLiabilities" />
      
</testsuite>
