<?xml version="1.0" encoding="UTF-8"?>
<testsuite name="PATCH  Customer Subscriptions-V2"
           tests="22"
           failures="1"
           errors="0"
           skipped="0"
           time="6.120">
  <properties />
            <testcase name="testPatchCustomerSubscriptionLargeDepositNotice" time="0.186" classname="com.yodlee.app.yodleeApi.Insights.V2.TestPatchCustomerSubscriptions">
                <failure type="java.lang.IllegalStateException"
                  message="Not a JSON Object: null"
              >
<![CDATA[java.lang.IllegalStateException: Not a JSON Object: null
  com.google.gson.JsonElement.getAsJsonObject(JsonElement.java:91)
  com.yodlee.insights.yodleeApi.utils.v2.InsightsSubscriptionsVerification.verifyPatchSubscriptionRequestResponse(InsightsSubscriptionsVerification.java:390)
  com.yodlee.app.yodleeApi.Insights.V2.TestPatchCustomerSubscriptions.processPatchSubscription(TestPatchCustomerSubscriptions.java:160)
  com.yodlee.app.yodleeApi.Insights.V2.TestPatchCustomerSubscriptions.testPatchCustomerSubscriptionLargeDepositNotice(TestPatchCustomerSubscriptions.java:149)
  sun.reflect.NativeMethodAccessorImpl.invoke0(Native Method)
  sun.reflect.NativeMethodAccessorImpl.invoke(Unknown Source)
  sun.reflect.DelegatingMethodAccessorImpl.invoke(Unknown Source)
  java.lang.reflect.Method.invoke(Unknown Source)
  org.testng.internal.MethodInvocationHelper.invokeMethod(MethodInvocationHelper.java:104)
  org.testng.internal.Invoker.invokeMethod(Invoker.java:645)
  org.testng.internal.Invoker.invokeTestMethod(Invoker.java:851)
  org.testng.internal.Invoker.invokeTestMethods(Invoker.java:1177)
  org.testng.internal.TestMethodWorker.invokeTestMethods(TestMethodWorker.java:129)
  org.testng.internal.TestMethodWorker.run(TestMethodWorker.java:112)
  java.util.concurrent.ThreadPoolExecutor.runWorker(Unknown Source)
  java.util.concurrent.ThreadPoolExecutor$Worker.run(Unknown Source)
  java.lang.Thread.run(Unknown Source)
]]>
      </failure>

          </testcase>
  
  
            <testcase name="testPatchCustomerSubscriptionLargeDepositNotice" time="0.245" classname="com.yodlee.app.yodleeApi.Insights.V2.TestPatchCustomerSubscriptions" />
                <testcase name="testPatchCustomerSubscriptionLargeDepositNotice" time="0.217" classname="com.yodlee.app.yodleeApi.Insights.V2.TestPatchCustomerSubscriptions" />
                <testcase name="testPatchCustomerSubscriptionLargeDepositNotice" time="0.159" classname="com.yodlee.app.yodleeApi.Insights.V2.TestPatchCustomerSubscriptions" />
                <testcase name="testPatchCustomerSubscriptionLargeDepositNotice" time="0.764" classname="com.yodlee.app.yodleeApi.Insights.V2.TestPatchCustomerSubscriptions" />
                <testcase name="testPatchCustomerSubscriptionLargeDepositNotice" time="0.206" classname="com.yodlee.app.yodleeApi.Insights.V2.TestPatchCustomerSubscriptions" />
                <testcase name="testPatchCustomerSubscriptionLargeDepositNotice" time="0.440" classname="com.yodlee.app.yodleeApi.Insights.V2.TestPatchCustomerSubscriptions" />
                <testcase name="testPatchCustomerSubscriptionLargeDepositNotice" time="0.249" classname="com.yodlee.app.yodleeApi.Insights.V2.TestPatchCustomerSubscriptions" />
                <testcase name="testPatchCustomerSubscriptionLargeDepositNotice" time="0.185" classname="com.yodlee.app.yodleeApi.Insights.V2.TestPatchCustomerSubscriptions" />
                <testcase name="testPatchCustomerSubscriptionLargeDepositNotice" time="0.453" classname="com.yodlee.app.yodleeApi.Insights.V2.TestPatchCustomerSubscriptions" />
                <testcase name="testPatchCustomerSubscriptionLargeDepositNotice" time="0.187" classname="com.yodlee.app.yodleeApi.Insights.V2.TestPatchCustomerSubscriptions" />
                <testcase name="testPatchCustomerSubscriptionLargeDepositNotice" time="0.225" classname="com.yodlee.app.yodleeApi.Insights.V2.TestPatchCustomerSubscriptions" />
                <testcase name="testPatchCustomerSubscriptionLargeDepositNotice" time="0.187" classname="com.yodlee.app.yodleeApi.Insights.V2.TestPatchCustomerSubscriptions" />
                <testcase name="testPatchCustomerSubscriptionLargeDepositNotice" time="0.246" classname="com.yodlee.app.yodleeApi.Insights.V2.TestPatchCustomerSubscriptions" />
                <testcase name="testPatchCustomerSubscriptionLargeDepositNotice" time="0.291" classname="com.yodlee.app.yodleeApi.Insights.V2.TestPatchCustomerSubscriptions" />
                <testcase name="testPatchCustomerSubscriptionLargeDepositNotice" time="0.195" classname="com.yodlee.app.yodleeApi.Insights.V2.TestPatchCustomerSubscriptions" />
                <testcase name="testPatchCustomerSubscriptionLargeDepositNotice" time="0.252" classname="com.yodlee.app.yodleeApi.Insights.V2.TestPatchCustomerSubscriptions" />
                <testcase name="testPatchCustomerSubscriptionLargeDepositNotice" time="0.170" classname="com.yodlee.app.yodleeApi.Insights.V2.TestPatchCustomerSubscriptions" />
                <testcase name="testPatchCustomerSubscriptionLargeDepositNotice" time="0.547" classname="com.yodlee.app.yodleeApi.Insights.V2.TestPatchCustomerSubscriptions" />
                <testcase name="testPatchCustomerSubscriptionLargeDepositNotice" time="0.275" classname="com.yodlee.app.yodleeApi.Insights.V2.TestPatchCustomerSubscriptions" />
                <testcase name="testPatchCustomerSubscriptionLargeDepositNotice" time="0.173" classname="com.yodlee.app.yodleeApi.Insights.V2.TestPatchCustomerSubscriptions" />
                <testcase name="testPatchCustomerSubscriptionLargeDepositNotice" time="0.268" classname="com.yodlee.app.yodleeApi.Insights.V2.TestPatchCustomerSubscriptions" />
      
</testsuite>
