<?xml version="1.0" encoding="UTF-8"?>
<testsuite name="GET Feeds - Change in Networth"
           tests="18"
           failures="10"
           errors="0"
           skipped="0"
           time="1185.306">
  <properties />
            <testcase name="testGetNotificationsForChangeInNetworth" time="66.362" classname="com.yodlee.app.yodleeApi.Insights.Notifications.V2.TestGetInsightsForChangeInNetworth">
                <failure type="java.lang.AssertionError"
                  message="TEST FAILED"
              >
<![CDATA[java.lang.AssertionError: TEST FAILED
  org.testng.Assert.fail(Assert.java:94)
  com.yodlee.app.yodleeApi.Insights.Notifications.V2.TestGetInsightsForChangeInNetworth.testGetNotificationsForChangeInNetworth(TestGetInsightsForChangeInNetworth.java:298)
  sun.reflect.NativeMethodAccessorImpl.invoke0(Native Method)
  sun.reflect.NativeMethodAccessorImpl.invoke(Unknown Source)
  sun.reflect.DelegatingMethodAccessorImpl.invoke(Unknown Source)
  java.lang.reflect.Method.invoke(Unknown Source)
  org.testng.internal.MethodInvocationHelper.invokeMethod(MethodInvocationHelper.java:104)
  org.testng.internal.Invoker.invokeMethod(Invoker.java:645)
  org.testng.internal.Invoker.invokeTestMethod(Invoker.java:851)
  org.testng.internal.Invoker.invokeTestMethods(Invoker.java:1177)
  org.testng.internal.TestMethodWorker.invokeTestMethods(TestMethodWorker.java:129)
  org.testng.internal.TestMethodWorker.run(TestMethodWorker.java:112)
  java.util.concurrent.ThreadPoolExecutor.runWorker(Unknown Source)
  java.util.concurrent.ThreadPoolExecutor$Worker.run(Unknown Source)
  java.lang.Thread.run(Unknown Source)
]]>
      </failure>

          </testcase>
            <testcase name="testGetNotificationsForChangeInNetworth" time="4.051" classname="com.yodlee.app.yodleeApi.Insights.Notifications.V2.TestGetInsightsForChangeInNetworth">
                <failure type="java.lang.AssertionError"
                  message="User subscription Patch FAILED"
              >
<![CDATA[java.lang.AssertionError: User subscription Patch FAILED
  org.testng.Assert.fail(Assert.java:94)
  com.yodlee.app.yodleeApi.Insights.Notifications.V2.TestGetInsightsForChangeInNetworth.testGetNotificationsForChangeInNetworth(TestGetInsightsForChangeInNetworth.java:318)
  sun.reflect.NativeMethodAccessorImpl.invoke0(Native Method)
  sun.reflect.NativeMethodAccessorImpl.invoke(Unknown Source)
  sun.reflect.DelegatingMethodAccessorImpl.invoke(Unknown Source)
  java.lang.reflect.Method.invoke(Unknown Source)
  org.testng.internal.MethodInvocationHelper.invokeMethod(MethodInvocationHelper.java:104)
  org.testng.internal.Invoker.invokeMethod(Invoker.java:645)
  org.testng.internal.Invoker.invokeTestMethod(Invoker.java:851)
  org.testng.internal.Invoker.invokeTestMethods(Invoker.java:1177)
  org.testng.internal.TestMethodWorker.invokeTestMethods(TestMethodWorker.java:129)
  org.testng.internal.TestMethodWorker.run(TestMethodWorker.java:112)
  java.util.concurrent.ThreadPoolExecutor.runWorker(Unknown Source)
  java.util.concurrent.ThreadPoolExecutor$Worker.run(Unknown Source)
  java.lang.Thread.run(Unknown Source)
]]>
      </failure>

          </testcase>
            <testcase name="testGetNotificationsForChangeInNetworth" time="66.815" classname="com.yodlee.app.yodleeApi.Insights.Notifications.V2.TestGetInsightsForChangeInNetworth">
                <failure type="java.lang.AssertionError"
                  message="TEST FAILED"
              >
<![CDATA[java.lang.AssertionError: TEST FAILED
  org.testng.Assert.fail(Assert.java:94)
  com.yodlee.app.yodleeApi.Insights.Notifications.V2.TestGetInsightsForChangeInNetworth.testGetNotificationsForChangeInNetworth(TestGetInsightsForChangeInNetworth.java:298)
  sun.reflect.NativeMethodAccessorImpl.invoke0(Native Method)
  sun.reflect.NativeMethodAccessorImpl.invoke(Unknown Source)
  sun.reflect.DelegatingMethodAccessorImpl.invoke(Unknown Source)
  java.lang.reflect.Method.invoke(Unknown Source)
  org.testng.internal.MethodInvocationHelper.invokeMethod(MethodInvocationHelper.java:104)
  org.testng.internal.Invoker.invokeMethod(Invoker.java:645)
  org.testng.internal.Invoker.invokeTestMethod(Invoker.java:851)
  org.testng.internal.Invoker.invokeTestMethods(Invoker.java:1177)
  org.testng.internal.TestMethodWorker.invokeTestMethods(TestMethodWorker.java:129)
  org.testng.internal.TestMethodWorker.run(TestMethodWorker.java:112)
  java.util.concurrent.ThreadPoolExecutor.runWorker(Unknown Source)
  java.util.concurrent.ThreadPoolExecutor$Worker.run(Unknown Source)
  java.lang.Thread.run(Unknown Source)
]]>
      </failure>

          </testcase>
            <testcase name="testGetNotificationsForChangeInNetworth" time="4.810" classname="com.yodlee.app.yodleeApi.Insights.Notifications.V2.TestGetInsightsForChangeInNetworth">
                <failure type="java.lang.AssertionError"
                  message="User subscription Patch FAILED"
              >
<![CDATA[java.lang.AssertionError: User subscription Patch FAILED
  org.testng.Assert.fail(Assert.java:94)
  com.yodlee.app.yodleeApi.Insights.Notifications.V2.TestGetInsightsForChangeInNetworth.testGetNotificationsForChangeInNetworth(TestGetInsightsForChangeInNetworth.java:318)
  sun.reflect.GeneratedMethodAccessor282.invoke(Unknown Source)
  sun.reflect.DelegatingMethodAccessorImpl.invoke(Unknown Source)
  java.lang.reflect.Method.invoke(Unknown Source)
  org.testng.internal.MethodInvocationHelper.invokeMethod(MethodInvocationHelper.java:104)
  org.testng.internal.Invoker.invokeMethod(Invoker.java:645)
  org.testng.internal.Invoker.invokeTestMethod(Invoker.java:851)
  org.testng.internal.Invoker.invokeTestMethods(Invoker.java:1177)
  org.testng.internal.TestMethodWorker.invokeTestMethods(TestMethodWorker.java:129)
  org.testng.internal.TestMethodWorker.run(TestMethodWorker.java:112)
  java.util.concurrent.ThreadPoolExecutor.runWorker(Unknown Source)
  java.util.concurrent.ThreadPoolExecutor$Worker.run(Unknown Source)
  java.lang.Thread.run(Unknown Source)
]]>
      </failure>

          </testcase>
            <testcase name="testGetNotificationsForChangeInNetworth" time="69.230" classname="com.yodlee.app.yodleeApi.Insights.Notifications.V2.TestGetInsightsForChangeInNetworth">
                <failure type="java.lang.AssertionError"
                  message="TEST FAILED"
              >
<![CDATA[java.lang.AssertionError: TEST FAILED
  org.testng.Assert.fail(Assert.java:94)
  com.yodlee.app.yodleeApi.Insights.Notifications.V2.TestGetInsightsForChangeInNetworth.testGetNotificationsForChangeInNetworth(TestGetInsightsForChangeInNetworth.java:298)
  sun.reflect.NativeMethodAccessorImpl.invoke0(Native Method)
  sun.reflect.NativeMethodAccessorImpl.invoke(Unknown Source)
  sun.reflect.DelegatingMethodAccessorImpl.invoke(Unknown Source)
  java.lang.reflect.Method.invoke(Unknown Source)
  org.testng.internal.MethodInvocationHelper.invokeMethod(MethodInvocationHelper.java:104)
  org.testng.internal.Invoker.invokeMethod(Invoker.java:645)
  org.testng.internal.Invoker.invokeTestMethod(Invoker.java:851)
  org.testng.internal.Invoker.invokeTestMethods(Invoker.java:1177)
  org.testng.internal.TestMethodWorker.invokeTestMethods(TestMethodWorker.java:129)
  org.testng.internal.TestMethodWorker.run(TestMethodWorker.java:112)
  java.util.concurrent.ThreadPoolExecutor.runWorker(Unknown Source)
  java.util.concurrent.ThreadPoolExecutor$Worker.run(Unknown Source)
  java.lang.Thread.run(Unknown Source)
]]>
      </failure>

          </testcase>
            <testcase name="testGetNotificationsForChangeInNetworth" time="2.780" classname="com.yodlee.app.yodleeApi.Insights.Notifications.V2.TestGetInsightsForChangeInNetworth">
                <failure type="java.lang.AssertionError"
                  message="User subscription Patch FAILED"
              >
<![CDATA[java.lang.AssertionError: User subscription Patch FAILED
  org.testng.Assert.fail(Assert.java:94)
  com.yodlee.app.yodleeApi.Insights.Notifications.V2.TestGetInsightsForChangeInNetworth.testGetNotificationsForChangeInNetworth(TestGetInsightsForChangeInNetworth.java:318)
  sun.reflect.NativeMethodAccessorImpl.invoke0(Native Method)
  sun.reflect.NativeMethodAccessorImpl.invoke(Unknown Source)
  sun.reflect.DelegatingMethodAccessorImpl.invoke(Unknown Source)
  java.lang.reflect.Method.invoke(Unknown Source)
  org.testng.internal.MethodInvocationHelper.invokeMethod(MethodInvocationHelper.java:104)
  org.testng.internal.Invoker.invokeMethod(Invoker.java:645)
  org.testng.internal.Invoker.invokeTestMethod(Invoker.java:851)
  org.testng.internal.Invoker.invokeTestMethods(Invoker.java:1177)
  org.testng.internal.TestMethodWorker.invokeTestMethods(TestMethodWorker.java:129)
  org.testng.internal.TestMethodWorker.run(TestMethodWorker.java:112)
  java.util.concurrent.ThreadPoolExecutor.runWorker(Unknown Source)
  java.util.concurrent.ThreadPoolExecutor$Worker.run(Unknown Source)
  java.lang.Thread.run(Unknown Source)
]]>
      </failure>

          </testcase>
            <testcase name="testGetNotificationsForChangeInNetworth" time="4.938" classname="com.yodlee.app.yodleeApi.Insights.Notifications.V2.TestGetInsightsForChangeInNetworth">
                <failure type="java.lang.AssertionError"
                  message="User subscription Patch FAILED"
              >
<![CDATA[java.lang.AssertionError: User subscription Patch FAILED
  org.testng.Assert.fail(Assert.java:94)
  com.yodlee.app.yodleeApi.Insights.Notifications.V2.TestGetInsightsForChangeInNetworth.testGetNotificationsForChangeInNetworth(TestGetInsightsForChangeInNetworth.java:318)
  sun.reflect.NativeMethodAccessorImpl.invoke0(Native Method)
  sun.reflect.NativeMethodAccessorImpl.invoke(Unknown Source)
  sun.reflect.DelegatingMethodAccessorImpl.invoke(Unknown Source)
  java.lang.reflect.Method.invoke(Unknown Source)
  org.testng.internal.MethodInvocationHelper.invokeMethod(MethodInvocationHelper.java:104)
  org.testng.internal.Invoker.invokeMethod(Invoker.java:645)
  org.testng.internal.Invoker.invokeTestMethod(Invoker.java:851)
  org.testng.internal.Invoker.invokeTestMethods(Invoker.java:1177)
  org.testng.internal.TestMethodWorker.invokeTestMethods(TestMethodWorker.java:129)
  org.testng.internal.TestMethodWorker.run(TestMethodWorker.java:112)
  java.util.concurrent.ThreadPoolExecutor.runWorker(Unknown Source)
  java.util.concurrent.ThreadPoolExecutor$Worker.run(Unknown Source)
  java.lang.Thread.run(Unknown Source)
]]>
      </failure>

          </testcase>
            <testcase name="testGetNotificationsForChangeInNetworth" time="66.518" classname="com.yodlee.app.yodleeApi.Insights.Notifications.V2.TestGetInsightsForChangeInNetworth">
                <failure type="java.lang.AssertionError"
                  message="TEST FAILED"
              >
<![CDATA[java.lang.AssertionError: TEST FAILED
  org.testng.Assert.fail(Assert.java:94)
  com.yodlee.app.yodleeApi.Insights.Notifications.V2.TestGetInsightsForChangeInNetworth.testGetNotificationsForChangeInNetworth(TestGetInsightsForChangeInNetworth.java:298)
  sun.reflect.NativeMethodAccessorImpl.invoke0(Native Method)
  sun.reflect.NativeMethodAccessorImpl.invoke(Unknown Source)
  sun.reflect.DelegatingMethodAccessorImpl.invoke(Unknown Source)
  java.lang.reflect.Method.invoke(Unknown Source)
  org.testng.internal.MethodInvocationHelper.invokeMethod(MethodInvocationHelper.java:104)
  org.testng.internal.Invoker.invokeMethod(Invoker.java:645)
  org.testng.internal.Invoker.invokeTestMethod(Invoker.java:851)
  org.testng.internal.Invoker.invokeTestMethods(Invoker.java:1177)
  org.testng.internal.TestMethodWorker.invokeTestMethods(TestMethodWorker.java:129)
  org.testng.internal.TestMethodWorker.run(TestMethodWorker.java:112)
  java.util.concurrent.ThreadPoolExecutor.runWorker(Unknown Source)
  java.util.concurrent.ThreadPoolExecutor$Worker.run(Unknown Source)
  java.lang.Thread.run(Unknown Source)
]]>
      </failure>

          </testcase>
            <testcase name="testGetNotificationsForChangeInNetworth" time="4.924" classname="com.yodlee.app.yodleeApi.Insights.Notifications.V2.TestGetInsightsForChangeInNetworth">
                <failure type="java.lang.AssertionError"
                  message="User subscription Patch FAILED"
              >
<![CDATA[java.lang.AssertionError: User subscription Patch FAILED
  org.testng.Assert.fail(Assert.java:94)
  com.yodlee.app.yodleeApi.Insights.Notifications.V2.TestGetInsightsForChangeInNetworth.testGetNotificationsForChangeInNetworth(TestGetInsightsForChangeInNetworth.java:318)
  sun.reflect.NativeMethodAccessorImpl.invoke0(Native Method)
  sun.reflect.NativeMethodAccessorImpl.invoke(Unknown Source)
  sun.reflect.DelegatingMethodAccessorImpl.invoke(Unknown Source)
  java.lang.reflect.Method.invoke(Unknown Source)
  org.testng.internal.MethodInvocationHelper.invokeMethod(MethodInvocationHelper.java:104)
  org.testng.internal.Invoker.invokeMethod(Invoker.java:645)
  org.testng.internal.Invoker.invokeTestMethod(Invoker.java:851)
  org.testng.internal.Invoker.invokeTestMethods(Invoker.java:1177)
  org.testng.internal.TestMethodWorker.invokeTestMethods(TestMethodWorker.java:129)
  org.testng.internal.TestMethodWorker.run(TestMethodWorker.java:112)
  java.util.concurrent.ThreadPoolExecutor.runWorker(Unknown Source)
  java.util.concurrent.ThreadPoolExecutor$Worker.run(Unknown Source)
  java.lang.Thread.run(Unknown Source)
]]>
      </failure>

          </testcase>
            <testcase name="testGetNotificationsForChangeInNetworth" time="68.145" classname="com.yodlee.app.yodleeApi.Insights.Notifications.V2.TestGetInsightsForChangeInNetworth">
                <failure type="java.lang.AssertionError"
                  message="TEST FAILED"
              >
<![CDATA[java.lang.AssertionError: TEST FAILED
  org.testng.Assert.fail(Assert.java:94)
  com.yodlee.app.yodleeApi.Insights.Notifications.V2.TestGetInsightsForChangeInNetworth.testGetNotificationsForChangeInNetworth(TestGetInsightsForChangeInNetworth.java:298)
  sun.reflect.NativeMethodAccessorImpl.invoke0(Native Method)
  sun.reflect.NativeMethodAccessorImpl.invoke(Unknown Source)
  sun.reflect.DelegatingMethodAccessorImpl.invoke(Unknown Source)
  java.lang.reflect.Method.invoke(Unknown Source)
  org.testng.internal.MethodInvocationHelper.invokeMethod(MethodInvocationHelper.java:104)
  org.testng.internal.Invoker.invokeMethod(Invoker.java:645)
  org.testng.internal.Invoker.invokeTestMethod(Invoker.java:851)
  org.testng.internal.Invoker.invokeTestMethods(Invoker.java:1177)
  org.testng.internal.TestMethodWorker.invokeTestMethods(TestMethodWorker.java:129)
  org.testng.internal.TestMethodWorker.run(TestMethodWorker.java:112)
  java.util.concurrent.ThreadPoolExecutor.runWorker(Unknown Source)
  java.util.concurrent.ThreadPoolExecutor$Worker.run(Unknown Source)
  java.lang.Thread.run(Unknown Source)
]]>
      </failure>

          </testcase>
  
  
            <testcase name="testGetNotificationsForChangeInNetworth" time="98.268" classname="com.yodlee.app.yodleeApi.Insights.Notifications.V2.TestGetInsightsForChangeInNetworth" />
                <testcase name="testGetNotificationsForChangeInNetworth" time="100.642" classname="com.yodlee.app.yodleeApi.Insights.Notifications.V2.TestGetInsightsForChangeInNetworth" />
                <testcase name="testGetNotificationsForChangeInNetworth" time="102.075" classname="com.yodlee.app.yodleeApi.Insights.Notifications.V2.TestGetInsightsForChangeInNetworth" />
                <testcase name="testGetNotificationsForChangeInNetworth" time="100.727" classname="com.yodlee.app.yodleeApi.Insights.Notifications.V2.TestGetInsightsForChangeInNetworth" />
                <testcase name="testGetNotificationsForChangeInNetworth" time="97.076" classname="com.yodlee.app.yodleeApi.Insights.Notifications.V2.TestGetInsightsForChangeInNetworth" />
                <testcase name="testGetNotificationsForChangeInNetworth" time="98.002" classname="com.yodlee.app.yodleeApi.Insights.Notifications.V2.TestGetInsightsForChangeInNetworth" />
                <testcase name="testGetNotificationsForChangeInNetworth" time="130.062" classname="com.yodlee.app.yodleeApi.Insights.Notifications.V2.TestGetInsightsForChangeInNetworth" />
                <testcase name="testGetNotificationsForChangeInNetworth" time="99.881" classname="com.yodlee.app.yodleeApi.Insights.Notifications.V2.TestGetInsightsForChangeInNetworth" />
      
</testsuite>
