<?xml version="1.0" encoding="UTF-8"?>
<testsuite name="GET Feeds - High Bills And Subscriptions"
           tests="10"
           failures="1"
           errors="0"
           skipped="0"
           time="781.384">
  <properties />
            <testcase name="testGetNotificationsForHighBillsAndSubscriptionsCostInsight" time="64.639" classname="com.yodlee.app.yodleeApi.Insights.Notifications.V2.TestGetInsightsForHighBillsAndSubscriptionsCost">
                <failure type="java.lang.AssertionError"
                  message="TEST FAILED"
              >
<![CDATA[java.lang.AssertionError: TEST FAILED
  org.testng.Assert.fail(Assert.java:94)
  com.yodlee.app.yodleeApi.Insights.Notifications.V2.TestGetInsightsForHighBillsAndSubscriptionsCost.testGetNotificationsForHighBillsAndSubscriptionsCostInsight(TestGetInsightsForHighBillsAndSubscriptionsCost.java:296)
  sun.reflect.NativeMethodAccessorImpl.invoke0(Native Method)
  sun.reflect.NativeMethodAccessorImpl.invoke(Unknown Source)
  sun.reflect.DelegatingMethodAccessorImpl.invoke(Unknown Source)
  java.lang.reflect.Method.invoke(Unknown Source)
  org.testng.internal.MethodInvocationHelper.invokeMethod(MethodInvocationHelper.java:104)
  org.testng.internal.Invoker.invokeMethod(Invoker.java:645)
  org.testng.internal.Invoker.invokeTestMethod(Invoker.java:851)
  org.testng.internal.Invoker.invokeTestMethods(Invoker.java:1177)
  org.testng.internal.TestMethodWorker.invokeTestMethods(TestMethodWorker.java:129)
  org.testng.internal.TestMethodWorker.run(TestMethodWorker.java:112)
  java.util.concurrent.ThreadPoolExecutor.runWorker(Unknown Source)
  java.util.concurrent.ThreadPoolExecutor$Worker.run(Unknown Source)
  java.lang.Thread.run(Unknown Source)
]]>
      </failure>

          </testcase>
  
  
            <testcase name="testGetNotificationsForHighBillsAndSubscriptionsCostInsight" time="66.942" classname="com.yodlee.app.yodleeApi.Insights.Notifications.V2.TestGetInsightsForHighBillsAndSubscriptionsCost" />
                <testcase name="testGetNotificationsForHighBillsAndSubscriptionsCostInsight" time="97.698" classname="com.yodlee.app.yodleeApi.Insights.Notifications.V2.TestGetInsightsForHighBillsAndSubscriptionsCost" />
                <testcase name="testGetNotificationsForHighBillsAndSubscriptionsCostInsight" time="98.049" classname="com.yodlee.app.yodleeApi.Insights.Notifications.V2.TestGetInsightsForHighBillsAndSubscriptionsCost" />
                <testcase name="testGetNotificationsForHighBillsAndSubscriptionsCostInsight" time="60.110" classname="com.yodlee.app.yodleeApi.Insights.Notifications.V2.TestGetInsightsForHighBillsAndSubscriptionsCost" />
                <testcase name="testGetNotificationsForHighBillsAndSubscriptionsCostInsight" time="59.944" classname="com.yodlee.app.yodleeApi.Insights.Notifications.V2.TestGetInsightsForHighBillsAndSubscriptionsCost" />
                <testcase name="testGetNotificationsForHighBillsAndSubscriptionsCostInsight" time="97.397" classname="com.yodlee.app.yodleeApi.Insights.Notifications.V2.TestGetInsightsForHighBillsAndSubscriptionsCost" />
                <testcase name="testGetNotificationsForHighBillsAndSubscriptionsCostInsight" time="54.031" classname="com.yodlee.app.yodleeApi.Insights.Notifications.V2.TestGetInsightsForHighBillsAndSubscriptionsCost" />
                <testcase name="testGetNotificationsForHighBillsAndSubscriptionsCostInsight" time="165.435" classname="com.yodlee.app.yodleeApi.Insights.Notifications.V2.TestGetInsightsForHighBillsAndSubscriptionsCost" />
                <testcase name="testGetNotificationsForHighBillsAndSubscriptionsCostInsight" time="17.139" classname="com.yodlee.app.yodleeApi.Insights.Notifications.V2.TestGetInsightsForHighBillsAndSubscriptionsCost" />
      
</testsuite>
