<?xml version="1.0" encoding="UTF-8"?>
<testsuite name="GET Feeds - High Bills And Subscriptions"
           tests="11"
           failures="2"
           errors="0"
           skipped="9"
           time="2.907">
  <properties />
            <testcase name="unRegisteredUser" time="0.000" classname="com.yodlee.app.yodleeApi.Insights.Notifications.V2.TestGetInsightsForHighBillsAndSubscriptionsCost2">
                <failure type="java.lang.NullPointerException"
                  message="(null)"
              >
<![CDATA[java.lang.NullPointerException
  com.yodlee.commonUtils.RestUtil.getApiResponse(RestUtil.java:328)
  com.yodlee.yodleeApi.authentication.UserAuthImpl.unRegister(UserAuthImpl.java:72)
  com.yodlee.yodleeApi.utils.apiUtils.UserUtils.unRegisterUser(UserUtils.java:129)
  com.yodlee.app.yodleeApi.Insights.Notifications.V2.TestGetInsightsForHighBillsAndSubscriptionsCost2.unRegisteredUser(TestGetInsightsForHighBillsAndSubscriptionsCost2.java:395)
  sun.reflect.NativeMethodAccessorImpl.invoke0(Native Method)
  sun.reflect.NativeMethodAccessorImpl.invoke(Unknown Source)
  sun.reflect.DelegatingMethodAccessorImpl.invoke(Unknown Source)
  java.lang.reflect.Method.invoke(Unknown Source)
  org.testng.internal.MethodInvocationHelper.invokeMethod(MethodInvocationHelper.java:104)
  org.testng.internal.Invoker.invokeConfigurationMethod(Invoker.java:515)
  org.testng.internal.Invoker.invokeConfigurations(Invoker.java:217)
  org.testng.internal.Invoker.invokeConfigurations(Invoker.java:144)
  org.testng.internal.TestMethodWorker.invokeAfterClassMethods(TestMethodWorker.java:217)
  org.testng.internal.TestMethodWorker.run(TestMethodWorker.java:115)
  java.util.concurrent.ThreadPoolExecutor.runWorker(Unknown Source)
  java.util.concurrent.ThreadPoolExecutor$Worker.run(Unknown Source)
  java.lang.Thread.run(Unknown Source)
]]>
      </failure>

          </testcase>
            <testcase name="testGetNotificationsForHighBillsAndSubscriptionsCostInsight" time="2.856" classname="com.yodlee.app.yodleeApi.Insights.Notifications.V2.TestGetInsightsForHighBillsAndSubscriptionsCost2">
                <failure type="java.lang.NullPointerException"
                  message="(null)"
              >
<![CDATA[java.lang.NullPointerException
  com.yodlee.insights.yodleeApi.utils.InsightsGenerics.getExpectedAttributesToBeValidatedV2(InsightsGenerics.java:1222)
  com.yodlee.app.yodleeApi.Insights.Notifications.V2.TestGetInsightsForHighBillsAndSubscriptionsCost2.testGetNotificationsForHighBillsAndSubscriptionsCostInsight(TestGetInsightsForHighBillsAndSubscriptionsCost2.java:272)
  sun.reflect.NativeMethodAccessorImpl.invoke0(Native Method)
  sun.reflect.NativeMethodAccessorImpl.invoke(Unknown Source)
  sun.reflect.DelegatingMethodAccessorImpl.invoke(Unknown Source)
  java.lang.reflect.Method.invoke(Unknown Source)
  org.testng.internal.MethodInvocationHelper.invokeMethod(MethodInvocationHelper.java:104)
  org.testng.internal.Invoker.invokeMethod(Invoker.java:645)
  org.testng.internal.Invoker.invokeTestMethod(Invoker.java:851)
  org.testng.internal.Invoker.invokeTestMethods(Invoker.java:1177)
  org.testng.internal.TestMethodWorker.invokeTestMethods(TestMethodWorker.java:129)
  org.testng.internal.TestMethodWorker.run(TestMethodWorker.java:112)
  java.util.concurrent.ThreadPoolExecutor.runWorker(Unknown Source)
  java.util.concurrent.ThreadPoolExecutor$Worker.run(Unknown Source)
  java.lang.Thread.run(Unknown Source)
]]>
      </failure>

          </testcase>
  
            <testcase name="testGetNotificationsForHighBillsAndSubscriptionsCostInsight" time="0.0" classname="com.yodlee.app.yodleeApi.Insights.Notifications.V2.TestGetInsightsForHighBillsAndSubscriptionsCost2">
          <skipped />
    </testcase>
            <testcase name="testGetNotificationsForHighBillsAndSubscriptionsCostInsight" time="0.0" classname="com.yodlee.app.yodleeApi.Insights.Notifications.V2.TestGetInsightsForHighBillsAndSubscriptionsCost2">
          <skipped />
    </testcase>
            <testcase name="testGetNotificationsForHighBillsAndSubscriptionsCostInsight" time="0.0" classname="com.yodlee.app.yodleeApi.Insights.Notifications.V2.TestGetInsightsForHighBillsAndSubscriptionsCost2">
          <skipped />
    </testcase>
            <testcase name="testGetNotificationsForHighBillsAndSubscriptionsCostInsight" time="0.0" classname="com.yodlee.app.yodleeApi.Insights.Notifications.V2.TestGetInsightsForHighBillsAndSubscriptionsCost2">
          <skipped />
    </testcase>
            <testcase name="testGetNotificationsForHighBillsAndSubscriptionsCostInsight" time="0.0" classname="com.yodlee.app.yodleeApi.Insights.Notifications.V2.TestGetInsightsForHighBillsAndSubscriptionsCost2">
          <skipped />
    </testcase>
            <testcase name="testGetNotificationsForHighBillsAndSubscriptionsCostInsight" time="0.0" classname="com.yodlee.app.yodleeApi.Insights.Notifications.V2.TestGetInsightsForHighBillsAndSubscriptionsCost2">
          <skipped />
    </testcase>
            <testcase name="testGetNotificationsForHighBillsAndSubscriptionsCostInsight" time="0.0" classname="com.yodlee.app.yodleeApi.Insights.Notifications.V2.TestGetInsightsForHighBillsAndSubscriptionsCost2">
          <skipped />
    </testcase>
            <testcase name="testGetNotificationsForHighBillsAndSubscriptionsCostInsight" time="0.0" classname="com.yodlee.app.yodleeApi.Insights.Notifications.V2.TestGetInsightsForHighBillsAndSubscriptionsCost2">
          <skipped />
    </testcase>
            <testcase name="testGetNotificationsForHighBillsAndSubscriptionsCostInsight" time="0.0" classname="com.yodlee.app.yodleeApi.Insights.Notifications.V2.TestGetInsightsForHighBillsAndSubscriptionsCost2">
          <skipped />
    </testcase>
  
  
</testsuite>
