<?xml version="1.0" encoding="UTF-8"?>
<!-- Generated by org.testng.reporters.JUnitXMLReporter -->
<testsuite hostname="IN-L2504" ignored="0" name="Bill Changed" tests="13" failures="11" timestamp="18 May 2021 14:30:04 GMT" time="1047.435" errors="0">
  <testcase name="testGetNotificationsForBillChanged" time="80.123" classname="com.yodlee.app.yodleeApi.Insights.Notifications.V2.TestGetInsightsForBillChanged"/>
  <testcase name="testGetNotificationsForBillChanged" time="81.383" classname="com.yodlee.app.yodleeApi.Insights.Notifications.V2.TestGetInsightsForBillChanged"/>
  <testcase name="testGetNotificationsForBillChanged" time="79.936" classname="com.yodlee.app.yodleeApi.Insights.Notifications.V2.TestGetInsightsForBillChanged">
    <failure type="java.lang.AssertionError" message="#/basicAccount/0: required key [accountNumber] not found">
      <![CDATA[java.lang.AssertionError: #/basicAccount/0: required key [accountNumber] not found
	at com.yodlee.app.yodleeApi.Insights.Notifications.V2.TestGetInsightsForBillChanged.testGetNotificationsForBillChanged(TestGetInsightsForBillChanged.java:344)
	at java.util.concurrent.ThreadPoolExecutor.runWorker(Unknown Source)
	at java.util.concurrent.ThreadPoolExecutor$Worker.run(Unknown Source)
	at java.lang.Thread.run(Unknown Source)
... Removed 11 stack frames]]>
    </failure>
  </testcase> <!-- testGetNotificationsForBillChanged -->
  <testcase name="testGetNotificationsForBillChanged" time="84.991" classname="com.yodlee.app.yodleeApi.Insights.Notifications.V2.TestGetInsightsForBillChanged">
    <failure type="java.lang.AssertionError" message="#/basicView/0/basicAccount/0: required key [accountNumber] not found">
      <![CDATA[java.lang.AssertionError: #/basicView/0/basicAccount/0: required key [accountNumber] not found
	at com.yodlee.app.yodleeApi.Insights.Notifications.V2.TestGetInsightsForBillChanged.testGetNotificationsForBillChanged(TestGetInsightsForBillChanged.java:344)
	at java.util.concurrent.ThreadPoolExecutor.runWorker(Unknown Source)
	at java.util.concurrent.ThreadPoolExecutor$Worker.run(Unknown Source)
	at java.lang.Thread.run(Unknown Source)
... Removed 11 stack frames]]>
    </failure>
  </testcase> <!-- testGetNotificationsForBillChanged -->
  <testcase name="testGetNotificationsForBillChanged" time="80.054" classname="com.yodlee.app.yodleeApi.Insights.Notifications.V2.TestGetInsightsForBillChanged">
    <failure type="java.lang.AssertionError" message="#/basicView/0/basicAccount/0: required key [accountNumber] not found">
      <![CDATA[java.lang.AssertionError: #/basicView/0/basicAccount/0: required key [accountNumber] not found
	at com.yodlee.app.yodleeApi.Insights.Notifications.V2.TestGetInsightsForBillChanged.testGetNotificationsForBillChanged(TestGetInsightsForBillChanged.java:344)
	at java.util.concurrent.ThreadPoolExecutor.runWorker(Unknown Source)
	at java.util.concurrent.ThreadPoolExecutor$Worker.run(Unknown Source)
	at java.lang.Thread.run(Unknown Source)
... Removed 11 stack frames]]>
    </failure>
  </testcase> <!-- testGetNotificationsForBillChanged -->
  <testcase name="testGetNotificationsForBillChanged" time="80.694" classname="com.yodlee.app.yodleeApi.Insights.Notifications.V2.TestGetInsightsForBillChanged">
    <failure type="java.lang.AssertionError" message="#/basicView/0/basicAccount/0: required key [accountNumber] not found">
      <![CDATA[java.lang.AssertionError: #/basicView/0/basicAccount/0: required key [accountNumber] not found
	at com.yodlee.app.yodleeApi.Insights.Notifications.V2.TestGetInsightsForBillChanged.testGetNotificationsForBillChanged(TestGetInsightsForBillChanged.java:344)
	at java.util.concurrent.ThreadPoolExecutor.runWorker(Unknown Source)
	at java.util.concurrent.ThreadPoolExecutor$Worker.run(Unknown Source)
	at java.lang.Thread.run(Unknown Source)
... Removed 11 stack frames]]>
    </failure>
  </testcase> <!-- testGetNotificationsForBillChanged -->
  <testcase name="testGetNotificationsForBillChanged" time="80.042" classname="com.yodlee.app.yodleeApi.Insights.Notifications.V2.TestGetInsightsForBillChanged">
    <failure type="java.lang.AssertionError" message="Expected Number of Insights are not generated for All Accounts, Expected = 2 Insights Actual = 1 Insights">
      <![CDATA[java.lang.AssertionError: Expected Number of Insights are not generated for All Accounts, Expected = 2 Insights Actual = 1 Insights
	at com.yodlee.app.yodleeApi.Insights.Notifications.V2.TestGetInsightsForBillChanged.testGetNotificationsForBillChanged(TestGetInsightsForBillChanged.java:344)
	at java.util.concurrent.ThreadPoolExecutor.runWorker(Unknown Source)
	at java.util.concurrent.ThreadPoolExecutor$Worker.run(Unknown Source)
	at java.lang.Thread.run(Unknown Source)
... Removed 11 stack frames]]>
    </failure>
  </testcase> <!-- testGetNotificationsForBillChanged -->
  <testcase name="testGetNotificationsForBillChanged" time="81.659" classname="com.yodlee.app.yodleeApi.Insights.Notifications.V2.TestGetInsightsForBillChanged">
    <failure type="java.lang.AssertionError" message="Expected  2 insights triggered But found Empty {}">
      <![CDATA[java.lang.AssertionError: Expected  2 insights triggered But found Empty {}
	at com.yodlee.app.yodleeApi.Insights.Notifications.V2.TestGetInsightsForBillChanged.testGetNotificationsForBillChanged(TestGetInsightsForBillChanged.java:344)
	at java.util.concurrent.ThreadPoolExecutor.runWorker(Unknown Source)
	at java.util.concurrent.ThreadPoolExecutor$Worker.run(Unknown Source)
	at java.lang.Thread.run(Unknown Source)
... Removed 11 stack frames]]>
    </failure>
  </testcase> <!-- testGetNotificationsForBillChanged -->
  <testcase name="testGetNotificationsForBillChanged" time="82.616" classname="com.yodlee.app.yodleeApi.Insights.Notifications.V2.TestGetInsightsForBillChanged">
    <failure type="java.lang.AssertionError" message="#/basicAccount/0: required key [accountNumber] not found">
      <![CDATA[java.lang.AssertionError: #/basicAccount/0: required key [accountNumber] not found
	at com.yodlee.app.yodleeApi.Insights.Notifications.V2.TestGetInsightsForBillChanged.testGetNotificationsForBillChanged(TestGetInsightsForBillChanged.java:344)
	at java.util.concurrent.ThreadPoolExecutor.runWorker(Unknown Source)
	at java.util.concurrent.ThreadPoolExecutor$Worker.run(Unknown Source)
	at java.lang.Thread.run(Unknown Source)
... Removed 11 stack frames]]>
    </failure>
  </testcase> <!-- testGetNotificationsForBillChanged -->
  <testcase name="testGetNotificationsForBillChanged" time="82.127" classname="com.yodlee.app.yodleeApi.Insights.Notifications.V2.TestGetInsightsForBillChanged">
    <failure type="java.lang.AssertionError" message="#/basicAccount/0: required key [accountNumber] not found">
      <![CDATA[java.lang.AssertionError: #/basicAccount/0: required key [accountNumber] not found
	at com.yodlee.app.yodleeApi.Insights.Notifications.V2.TestGetInsightsForBillChanged.testGetNotificationsForBillChanged(TestGetInsightsForBillChanged.java:344)
	at java.util.concurrent.ThreadPoolExecutor.runWorker(Unknown Source)
	at java.util.concurrent.ThreadPoolExecutor$Worker.run(Unknown Source)
	at java.lang.Thread.run(Unknown Source)
... Removed 11 stack frames]]>
    </failure>
  </testcase> <!-- testGetNotificationsForBillChanged -->
  <testcase name="testGetNotificationsForBillChanged" time="82.77" classname="com.yodlee.app.yodleeApi.Insights.Notifications.V2.TestGetInsightsForBillChanged">
    <failure type="java.lang.AssertionError" message="#/basicView/0/basicAccount/0: required key [accountNumber] not found">
      <![CDATA[java.lang.AssertionError: #/basicView/0/basicAccount/0: required key [accountNumber] not found
	at com.yodlee.app.yodleeApi.Insights.Notifications.V2.TestGetInsightsForBillChanged.testGetNotificationsForBillChanged(TestGetInsightsForBillChanged.java:344)
	at java.util.concurrent.ThreadPoolExecutor.runWorker(Unknown Source)
	at java.util.concurrent.ThreadPoolExecutor$Worker.run(Unknown Source)
	at java.lang.Thread.run(Unknown Source)
... Removed 11 stack frames]]>
    </failure>
  </testcase> <!-- testGetNotificationsForBillChanged -->
  <testcase name="testGetNotificationsForBillChanged" time="80.416" classname="com.yodlee.app.yodleeApi.Insights.Notifications.V2.TestGetInsightsForBillChanged">
    <failure type="java.lang.AssertionError" message="#/basicView/0/basicAccount/0: required key [accountNumber] not found">
      <![CDATA[java.lang.AssertionError: #/basicView/0/basicAccount/0: required key [accountNumber] not found
	at com.yodlee.app.yodleeApi.Insights.Notifications.V2.TestGetInsightsForBillChanged.testGetNotificationsForBillChanged(TestGetInsightsForBillChanged.java:344)
	at java.util.concurrent.ThreadPoolExecutor.runWorker(Unknown Source)
	at java.util.concurrent.ThreadPoolExecutor$Worker.run(Unknown Source)
	at java.lang.Thread.run(Unknown Source)
... Removed 11 stack frames]]>
    </failure>
  </testcase> <!-- testGetNotificationsForBillChanged -->
  <testcase name="testGetNotificationsForBillChanged" time="61.984" classname="com.yodlee.app.yodleeApi.Insights.Notifications.V2.TestGetInsightsForBillChanged">
    <failure type="java.lang.NullPointerException">
      <![CDATA[java.lang.NullPointerException
	at com.yodlee.insights.yodleeApi.utils.BoardHelper.createViewRules(BoardHelper.java:692)
	at com.yodlee.app.yodleeApi.Insights.Notifications.V2.TestGetInsightsForBillChanged.testGetNotificationsForBillChanged(TestGetInsightsForBillChanged.java:237)
	at java.util.concurrent.ThreadPoolExecutor.runWorker(Unknown Source)
	at java.util.concurrent.ThreadPoolExecutor$Worker.run(Unknown Source)
	at java.lang.Thread.run(Unknown Source)
... Removed 10 stack frames]]>
    </failure>
  </testcase> <!-- testGetNotificationsForBillChanged -->
</testsuite> <!-- Bill Changed -->
