<html>
<head>
<title>TestNG:  Financial Fees</title>
<link href="../testng.css" rel="stylesheet" type="text/css" />
<link href="../my-testng.css" rel="stylesheet" type="text/css" />

<style type="text/css">
.log { display: none;} 
.stack-trace { display: none;} 
</style>
<script type="text/javascript">
<!--
function flip(e) {
  current = e.style.display;
  if (current == 'block') {
    e.style.display = 'none';
    return 0;
  }
  else {
    e.style.display = 'block';
    return 1;
  }
}

function toggleBox(szDivId, elem, msg1, msg2)
{
  var res = -1;  if (document.getElementById) {
    res = flip(document.getElementById(szDivId));
  }
  else if (document.all) {
    // this is the way old msie versions work
    res = flip(document.all[szDivId]);
  }
  if(elem) {
    if(res == 0) elem.innerHTML = msg1; else elem.innerHTML = msg2;
  }

}

function toggleAllBoxes() {
  if (document.getElementsByTagName) {
    d = document.getElementsByTagName('div');
    for (i = 0; i < d.length; i++) {
      if (d[i].className == 'log') {
        flip(d[i]);
      }
    }
  }
}

// -->
</script>

</head>
<body>
<h2 align='center'>Financial Fees</h2><table border='1' align="center">
<tr>
<td>Tests passed/Failed/Skipped:</td><td>7/27/0</td>
</tr><tr>
<td>Started on:</td><td>Wed May 19 00:01:44 IST 2021</td>
</tr>
<tr><td>Total time:</td><td>2545 seconds (2545057 ms)</td>
</tr><tr>
<td>Included groups:</td><td></td>
</tr><tr>
<td>Excluded groups:</td><td></td>
</tr>
</table><p/>
<small><i>(Hover the method name to see the test class name)</i></small><p/>
<table width='100%' border='1' class='invocation-failed'>
<tr><td colspan='4' align='center'><b>FAILED TESTS</b></td></tr>
<tr><td><b>Test method</b></td>
<td width="30%"><b>Exception</b></td>
<td width="10%"><b>Time (seconds)</b></td>
<td><b>Instance</b></td>
</tr>
<tr>
<td title='com.yodlee.app.yodleeApi.Insights.Notifications.V2.TestGetInsightsForFinancialFees.testGetNotificationsForFinancialFees()'><b>testGetNotificationsForFinancialFees</b><br>Test class: com.yodlee.app.yodleeApi.Insights.Notifications.V2.TestGetInsightsForFinancialFees<br>Parameters: AT-137586, Validate FinancialFees Insight when there is a transaction of Service Charge over a given duration, FINANCIAL_FEES, FALSE, BANK,CARD, BANK, SCHEDULE, , 16441, Ini_FeesBank1.site16441.2, site16441.2, 1, account, 1, TRUE, TRUE, TRUE, , , 0, FinancialFees_ThreeMonths.json, , , , , , , , , , , , , , , , , , , , Account, 201, TRUE</td>
<td><div><pre>java.lang.AssertionError: TEST FAILED
	at com.yodlee.app.yodleeApi.Insights.Notifications.V2.TestGetInsightsForFinancialFees.testGetNotificationsForFinancialFees(TestGetInsightsForFinancialFees.java:326)
	at java.util.concurrent.ThreadPoolExecutor.runWorker(Unknown Source)
	at java.util.concurrent.ThreadPoolExecutor$Worker.run(Unknown Source)
	at java.lang.Thread.run(Unknown Source)
... Removed 11 stack frames</pre></div><a href='#' onClick='toggleBox("stack-trace1107920918", this, "Click to show all stack frames", "Click to hide stack frames")'>Click to show all stack frames</a>
<div class='stack-trace' id='stack-trace1107920918'><pre>java.lang.AssertionError: TEST FAILED
	at org.testng.Assert.fail(Assert.java:94)
	at com.yodlee.app.yodleeApi.Insights.Notifications.V2.TestGetInsightsForFinancialFees.testGetNotificationsForFinancialFees(TestGetInsightsForFinancialFees.java:326)
	at sun.reflect.NativeMethodAccessorImpl.invoke0(Native Method)
	at sun.reflect.NativeMethodAccessorImpl.invoke(Unknown Source)
	at sun.reflect.DelegatingMethodAccessorImpl.invoke(Unknown Source)
	at java.lang.reflect.Method.invoke(Unknown Source)
	at org.testng.internal.MethodInvocationHelper.invokeMethod(MethodInvocationHelper.java:104)
	at org.testng.internal.Invoker.invokeMethod(Invoker.java:645)
	at org.testng.internal.Invoker.invokeTestMethod(Invoker.java:851)
	at org.testng.internal.Invoker.invokeTestMethods(Invoker.java:1177)
	at org.testng.internal.TestMethodWorker.invokeTestMethods(TestMethodWorker.java:129)
	at org.testng.internal.TestMethodWorker.run(TestMethodWorker.java:112)
	at java.util.concurrent.ThreadPoolExecutor.runWorker(Unknown Source)
	at java.util.concurrent.ThreadPoolExecutor$Worker.run(Unknown Source)
	at java.lang.Thread.run(Unknown Source)
</pre></div></td>
<td>86</td>
<td>com.yodlee.app.yodleeApi.Insights.Notifications.V2.TestGetInsightsForFinancialFees@2e55dd0c</td></tr>
<tr>
<td title='com.yodlee.app.yodleeApi.Insights.Notifications.V2.TestGetInsightsForFinancialFees.testGetNotificationsForFinancialFees()'><b>testGetNotificationsForFinancialFees</b><br>Test class: com.yodlee.app.yodleeApi.Insights.Notifications.V2.TestGetInsightsForFinancialFees<br>Parameters: AT-137588, Validate FinancialFees Insight when user has BANK, CARD and INSURANCE containers, FINANCIAL_FEES, FALSE, BANK,CARD, BANK,CARD,INSURANCE, SCHEDULE, , 16441, Ini_FeesAll.site16441.1, site16441.1, 1, account, 2, TRUE, TRUE, , , , 0, , , , , , , , , , , , , , , , , , , , , Account, 201, TRUE</td>
<td><div><pre>java.lang.AssertionError: TEST FAILED
	at com.yodlee.app.yodleeApi.Insights.Notifications.V2.TestGetInsightsForFinancialFees.testGetNotificationsForFinancialFees(TestGetInsightsForFinancialFees.java:326)
	at java.util.concurrent.ThreadPoolExecutor.runWorker(Unknown Source)
	at java.util.concurrent.ThreadPoolExecutor$Worker.run(Unknown Source)
	at java.lang.Thread.run(Unknown Source)
... Removed 11 stack frames</pre></div><a href='#' onClick='toggleBox("stack-trace1975027615", this, "Click to show all stack frames", "Click to hide stack frames")'>Click to show all stack frames</a>
<div class='stack-trace' id='stack-trace1975027615'><pre>java.lang.AssertionError: TEST FAILED
	at org.testng.Assert.fail(Assert.java:94)
	at com.yodlee.app.yodleeApi.Insights.Notifications.V2.TestGetInsightsForFinancialFees.testGetNotificationsForFinancialFees(TestGetInsightsForFinancialFees.java:326)
	at sun.reflect.NativeMethodAccessorImpl.invoke0(Native Method)
	at sun.reflect.NativeMethodAccessorImpl.invoke(Unknown Source)
	at sun.reflect.DelegatingMethodAccessorImpl.invoke(Unknown Source)
	at java.lang.reflect.Method.invoke(Unknown Source)
	at org.testng.internal.MethodInvocationHelper.invokeMethod(MethodInvocationHelper.java:104)
	at org.testng.internal.Invoker.invokeMethod(Invoker.java:645)
	at org.testng.internal.Invoker.invokeTestMethod(Invoker.java:851)
	at org.testng.internal.Invoker.invokeTestMethods(Invoker.java:1177)
	at org.testng.internal.TestMethodWorker.invokeTestMethods(TestMethodWorker.java:129)
	at org.testng.internal.TestMethodWorker.run(TestMethodWorker.java:112)
	at java.util.concurrent.ThreadPoolExecutor.runWorker(Unknown Source)
	at java.util.concurrent.ThreadPoolExecutor$Worker.run(Unknown Source)
	at java.lang.Thread.run(Unknown Source)
</pre></div></td>
<td>100</td>
<td>com.yodlee.app.yodleeApi.Insights.Notifications.V2.TestGetInsightsForFinancialFees@2e55dd0c</td></tr>
<tr>
<td title='com.yodlee.app.yodleeApi.Insights.Notifications.V2.TestGetInsightsForFinancialFees.testGetNotificationsForFinancialFees()'><b>testGetNotificationsForFinancialFees</b><br>Test class: com.yodlee.app.yodleeApi.Insights.Notifications.V2.TestGetInsightsForFinancialFees<br>Parameters: AT-137590, Validate FinancialFees Insight when user has two accounts, FINANCIAL_FEES, FALSE, BANK,CARD, BANK, SCHEDULE, , 16441, Ini_FeesBank2.site16441.2, site16441.2, 1, account, 2, TRUE, TRUE, , , , 0, , , , , , , , , , , , , , , , , , , , , Account, 201, TRUE</td>
<td><div><pre>java.lang.AssertionError: TEST FAILED
	at com.yodlee.app.yodleeApi.Insights.Notifications.V2.TestGetInsightsForFinancialFees.testGetNotificationsForFinancialFees(TestGetInsightsForFinancialFees.java:326)
	at java.util.concurrent.ThreadPoolExecutor.runWorker(Unknown Source)
	at java.util.concurrent.ThreadPoolExecutor$Worker.run(Unknown Source)
	at java.lang.Thread.run(Unknown Source)
... Removed 11 stack frames</pre></div><a href='#' onClick='toggleBox("stack-trace827676943", this, "Click to show all stack frames", "Click to hide stack frames")'>Click to show all stack frames</a>
<div class='stack-trace' id='stack-trace827676943'><pre>java.lang.AssertionError: TEST FAILED
	at org.testng.Assert.fail(Assert.java:94)
	at com.yodlee.app.yodleeApi.Insights.Notifications.V2.TestGetInsightsForFinancialFees.testGetNotificationsForFinancialFees(TestGetInsightsForFinancialFees.java:326)
	at sun.reflect.NativeMethodAccessorImpl.invoke0(Native Method)
	at sun.reflect.NativeMethodAccessorImpl.invoke(Unknown Source)
	at sun.reflect.DelegatingMethodAccessorImpl.invoke(Unknown Source)
	at java.lang.reflect.Method.invoke(Unknown Source)
	at org.testng.internal.MethodInvocationHelper.invokeMethod(MethodInvocationHelper.java:104)
	at org.testng.internal.Invoker.invokeMethod(Invoker.java:645)
	at org.testng.internal.Invoker.invokeTestMethod(Invoker.java:851)
	at org.testng.internal.Invoker.invokeTestMethods(Invoker.java:1177)
	at org.testng.internal.TestMethodWorker.invokeTestMethods(TestMethodWorker.java:129)
	at org.testng.internal.TestMethodWorker.run(TestMethodWorker.java:112)
	at java.util.concurrent.ThreadPoolExecutor.runWorker(Unknown Source)
	at java.util.concurrent.ThreadPoolExecutor$Worker.run(Unknown Source)
	at java.lang.Thread.run(Unknown Source)
</pre></div></td>
<td>85</td>
<td>com.yodlee.app.yodleeApi.Insights.Notifications.V2.TestGetInsightsForFinancialFees@2e55dd0c</td></tr>
<tr>
<td title='com.yodlee.app.yodleeApi.Insights.Notifications.V2.TestGetInsightsForFinancialFees.testGetNotificationsForFinancialFees()'><b>testGetNotificationsForFinancialFees</b><br>Test class: com.yodlee.app.yodleeApi.Insights.Notifications.V2.TestGetInsightsForFinancialFees<br>Parameters: AT-137591, Validate FinancialFees Insight when user subscribed to specific account, FINANCIAL_FEES, FALSE, BANK,CARD, BANK, SCHEDULE, , 16441, , , 1, account, 2, TRUE, TRUE, TRUE, ICICISavingAccount, TRUE, 1, , , ICICISavingAccount, , , , , , , , , , , , , , , , , , Account, 201, TRUE</td>
<td><div><pre>java.lang.AssertionError: Expected  2 insights triggered But found Empty {}
	at com.yodlee.app.yodleeApi.Insights.Notifications.V2.TestGetInsightsForFinancialFees.testGetNotificationsForFinancialFees(TestGetInsightsForFinancialFees.java:346)
	at java.util.concurrent.ThreadPoolExecutor.runWorker(Unknown Source)
	at java.util.concurrent.ThreadPoolExecutor$Worker.run(Unknown Source)
	at java.lang.Thread.run(Unknown Source)
... Removed 11 stack frames</pre></div><a href='#' onClick='toggleBox("stack-trace464753647", this, "Click to show all stack frames", "Click to hide stack frames")'>Click to show all stack frames</a>
<div class='stack-trace' id='stack-trace464753647'><pre>java.lang.AssertionError: Expected  2 insights triggered But found Empty {}
	at org.testng.Assert.fail(Assert.java:94)
	at com.yodlee.app.yodleeApi.Insights.Notifications.V2.TestGetInsightsForFinancialFees.testGetNotificationsForFinancialFees(TestGetInsightsForFinancialFees.java:346)
	at sun.reflect.NativeMethodAccessorImpl.invoke0(Native Method)
	at sun.reflect.NativeMethodAccessorImpl.invoke(Unknown Source)
	at sun.reflect.DelegatingMethodAccessorImpl.invoke(Unknown Source)
	at java.lang.reflect.Method.invoke(Unknown Source)
	at org.testng.internal.MethodInvocationHelper.invokeMethod(MethodInvocationHelper.java:104)
	at org.testng.internal.Invoker.invokeMethod(Invoker.java:645)
	at org.testng.internal.Invoker.invokeTestMethod(Invoker.java:851)
	at org.testng.internal.Invoker.invokeTestMethods(Invoker.java:1177)
	at org.testng.internal.TestMethodWorker.invokeTestMethods(TestMethodWorker.java:129)
	at org.testng.internal.TestMethodWorker.run(TestMethodWorker.java:112)
	at java.util.concurrent.ThreadPoolExecutor.runWorker(Unknown Source)
	at java.util.concurrent.ThreadPoolExecutor$Worker.run(Unknown Source)
	at java.lang.Thread.run(Unknown Source)
</pre></div></td>
<td>73</td>
<td>com.yodlee.app.yodleeApi.Insights.Notifications.V2.TestGetInsightsForFinancialFees@2e55dd0c</td></tr>
<tr>
<td title='com.yodlee.app.yodleeApi.Insights.Notifications.V2.TestGetInsightsForFinancialFees.testGetNotificationsForFinancialFees()'><b>testGetNotificationsForFinancialFees</b><br>Test class: com.yodlee.app.yodleeApi.Insights.Notifications.V2.TestGetInsightsForFinancialFees<br>Parameters: AT-137593, Verify that Financial Fees insight is triggered when an user has the accounts which is in “Active”, "TO BE CLOSED", OR ('Inactive', 'Suspended', 'Blocked', 'Deleted', 'Closed', 'Dormant'), FINANCIAL_FEES, FALSE, BANK,CARD, BANK, SCHEDULE, , 16441, Ini_FeesBank2.site16441.2, site16441.2, 1, account, 1, TRUE, TRUE, TRUE, ICICISavingAccount HDFCSavingsAccount, TRUE TRUE, 1, , , ICICISavingAccount HDFCSavingsAccount, INACTIVE, , , , , , , , , , , , , , , , , Account, 201, TRUE</td>
<td><div><pre>java.lang.AssertionError: TEST FAILED
	at com.yodlee.app.yodleeApi.Insights.Notifications.V2.TestGetInsightsForFinancialFees.testGetNotificationsForFinancialFees(TestGetInsightsForFinancialFees.java:326)
	at java.util.concurrent.ThreadPoolExecutor.runWorker(Unknown Source)
	at java.util.concurrent.ThreadPoolExecutor$Worker.run(Unknown Source)
	at java.lang.Thread.run(Unknown Source)
... Removed 11 stack frames</pre></div><a href='#' onClick='toggleBox("stack-trace1747674084", this, "Click to show all stack frames", "Click to hide stack frames")'>Click to show all stack frames</a>
<div class='stack-trace' id='stack-trace1747674084'><pre>java.lang.AssertionError: TEST FAILED
	at org.testng.Assert.fail(Assert.java:94)
	at com.yodlee.app.yodleeApi.Insights.Notifications.V2.TestGetInsightsForFinancialFees.testGetNotificationsForFinancialFees(TestGetInsightsForFinancialFees.java:326)
	at sun.reflect.NativeMethodAccessorImpl.invoke0(Native Method)
	at sun.reflect.NativeMethodAccessorImpl.invoke(Unknown Source)
	at sun.reflect.DelegatingMethodAccessorImpl.invoke(Unknown Source)
	at java.lang.reflect.Method.invoke(Unknown Source)
	at org.testng.internal.MethodInvocationHelper.invokeMethod(MethodInvocationHelper.java:104)
	at org.testng.internal.Invoker.invokeMethod(Invoker.java:645)
	at org.testng.internal.Invoker.invokeTestMethod(Invoker.java:851)
	at org.testng.internal.Invoker.invokeTestMethods(Invoker.java:1177)
	at org.testng.internal.TestMethodWorker.invokeTestMethods(TestMethodWorker.java:129)
	at org.testng.internal.TestMethodWorker.run(TestMethodWorker.java:112)
	at java.util.concurrent.ThreadPoolExecutor.runWorker(Unknown Source)
	at java.util.concurrent.ThreadPoolExecutor$Worker.run(Unknown Source)
	at java.lang.Thread.run(Unknown Source)
</pre></div></td>
<td>85</td>
<td>com.yodlee.app.yodleeApi.Insights.Notifications.V2.TestGetInsightsForFinancialFees@2e55dd0c</td></tr>
<tr>
<td title='com.yodlee.app.yodleeApi.Insights.Notifications.V2.TestGetInsightsForFinancialFees.testGetNotificationsForFinancialFees()'><b>testGetNotificationsForFinancialFees</b><br>Test class: com.yodlee.app.yodleeApi.Insights.Notifications.V2.TestGetInsightsForFinancialFees<br>Parameters: AT-137595, Validate FinancialFees Insight when user has opted for Frequency as "Daily" and Duration as "THIS_MONTH", FINANCIAL_FEES, FALSE, BANK,CARD, BANK, SCHEDULE, , 16441, Ini_FeesBank1.site16441.2, site16441.2, 1, account, 1, TRUE, TRUE, TRUE, , , 0, FinancialFees_ThisMonth.json, THIS_MONTH, , , , , , , , , , , , , , , , , , , Account, 201, TRUE</td>
<td><div><pre>java.lang.AssertionError: TEST FAILED
	at com.yodlee.app.yodleeApi.Insights.Notifications.V2.TestGetInsightsForFinancialFees.testGetNotificationsForFinancialFees(TestGetInsightsForFinancialFees.java:326)
	at java.util.concurrent.ThreadPoolExecutor.runWorker(Unknown Source)
	at java.util.concurrent.ThreadPoolExecutor$Worker.run(Unknown Source)
	at java.lang.Thread.run(Unknown Source)
... Removed 11 stack frames</pre></div><a href='#' onClick='toggleBox("stack-trace1541870898", this, "Click to show all stack frames", "Click to hide stack frames")'>Click to show all stack frames</a>
<div class='stack-trace' id='stack-trace1541870898'><pre>java.lang.AssertionError: TEST FAILED
	at org.testng.Assert.fail(Assert.java:94)
	at com.yodlee.app.yodleeApi.Insights.Notifications.V2.TestGetInsightsForFinancialFees.testGetNotificationsForFinancialFees(TestGetInsightsForFinancialFees.java:326)
	at sun.reflect.NativeMethodAccessorImpl.invoke0(Native Method)
	at sun.reflect.NativeMethodAccessorImpl.invoke(Unknown Source)
	at sun.reflect.DelegatingMethodAccessorImpl.invoke(Unknown Source)
	at java.lang.reflect.Method.invoke(Unknown Source)
	at org.testng.internal.MethodInvocationHelper.invokeMethod(MethodInvocationHelper.java:104)
	at org.testng.internal.Invoker.invokeMethod(Invoker.java:645)
	at org.testng.internal.Invoker.invokeTestMethod(Invoker.java:851)
	at org.testng.internal.Invoker.invokeTestMethods(Invoker.java:1177)
	at org.testng.internal.TestMethodWorker.invokeTestMethods(TestMethodWorker.java:129)
	at org.testng.internal.TestMethodWorker.run(TestMethodWorker.java:112)
	at java.util.concurrent.ThreadPoolExecutor.runWorker(Unknown Source)
	at java.util.concurrent.ThreadPoolExecutor$Worker.run(Unknown Source)
	at java.lang.Thread.run(Unknown Source)
</pre></div></td>
<td>85</td>
<td>com.yodlee.app.yodleeApi.Insights.Notifications.V2.TestGetInsightsForFinancialFees@2e55dd0c</td></tr>
<tr>
<td title='com.yodlee.app.yodleeApi.Insights.Notifications.V2.TestGetInsightsForFinancialFees.testGetNotificationsForFinancialFees()'><b>testGetNotificationsForFinancialFees</b><br>Test class: com.yodlee.app.yodleeApi.Insights.Notifications.V2.TestGetInsightsForFinancialFees<br>Parameters: AT-137596, Validate FinancialFees Insight when user has opted for Frequency as "Daily" and Duration as "THREE_MONTHS", FINANCIAL_FEES, FALSE, BANK,CARD, BANK, SCHEDULE, , 16441, , , 1, account, 1, TRUE, TRUE, TRUE, , , 0, FinancialFees_ThreeMonths.json, THREE_MONTHS, , , , , , , , , , , , , , , , , , , Account, 201, TRUE</td>
<td><div><pre>java.lang.AssertionError: TEST FAILED
	at com.yodlee.app.yodleeApi.Insights.Notifications.V2.TestGetInsightsForFinancialFees.testGetNotificationsForFinancialFees(TestGetInsightsForFinancialFees.java:326)
	at java.util.concurrent.ThreadPoolExecutor.runWorker(Unknown Source)
	at java.util.concurrent.ThreadPoolExecutor$Worker.run(Unknown Source)
	at java.lang.Thread.run(Unknown Source)
... Removed 11 stack frames</pre></div><a href='#' onClick='toggleBox("stack-trace387750071", this, "Click to show all stack frames", "Click to hide stack frames")'>Click to show all stack frames</a>
<div class='stack-trace' id='stack-trace387750071'><pre>java.lang.AssertionError: TEST FAILED
	at org.testng.Assert.fail(Assert.java:94)
	at com.yodlee.app.yodleeApi.Insights.Notifications.V2.TestGetInsightsForFinancialFees.testGetNotificationsForFinancialFees(TestGetInsightsForFinancialFees.java:326)
	at sun.reflect.NativeMethodAccessorImpl.invoke0(Native Method)
	at sun.reflect.NativeMethodAccessorImpl.invoke(Unknown Source)
	at sun.reflect.DelegatingMethodAccessorImpl.invoke(Unknown Source)
	at java.lang.reflect.Method.invoke(Unknown Source)
	at org.testng.internal.MethodInvocationHelper.invokeMethod(MethodInvocationHelper.java:104)
	at org.testng.internal.Invoker.invokeMethod(Invoker.java:645)
	at org.testng.internal.Invoker.invokeTestMethod(Invoker.java:851)
	at org.testng.internal.Invoker.invokeTestMethods(Invoker.java:1177)
	at org.testng.internal.TestMethodWorker.invokeTestMethods(TestMethodWorker.java:129)
	at org.testng.internal.TestMethodWorker.run(TestMethodWorker.java:112)
	at java.util.concurrent.ThreadPoolExecutor.runWorker(Unknown Source)
	at java.util.concurrent.ThreadPoolExecutor$Worker.run(Unknown Source)
	at java.lang.Thread.run(Unknown Source)
</pre></div></td>
<td>66</td>
<td>com.yodlee.app.yodleeApi.Insights.Notifications.V2.TestGetInsightsForFinancialFees@2e55dd0c</td></tr>
<tr>
<td title='com.yodlee.app.yodleeApi.Insights.Notifications.V2.TestGetInsightsForFinancialFees.testGetNotificationsForFinancialFees()'><b>testGetNotificationsForFinancialFees</b><br>Test class: com.yodlee.app.yodleeApi.Insights.Notifications.V2.TestGetInsightsForFinancialFees<br>Parameters: AT-137597, Validate FinancialFees Insight when user has opted for Frequency as "Daily" and Duration as "ONE_YEAR", FINANCIAL_FEES, FALSE, BANK,CARD, BANK, SCHEDULE, , 16441, , , 1, account, 1, TRUE, TRUE, TRUE, , , 0, , ONE_YEAR, , , , , , , , , , , , , , , , , , , Account, 201, TRUE</td>
<td><div><pre>java.lang.AssertionError: TEST FAILED
	at com.yodlee.app.yodleeApi.Insights.Notifications.V2.TestGetInsightsForFinancialFees.testGetNotificationsForFinancialFees(TestGetInsightsForFinancialFees.java:326)
	at java.util.concurrent.ThreadPoolExecutor.runWorker(Unknown Source)
	at java.util.concurrent.ThreadPoolExecutor$Worker.run(Unknown Source)
	at java.lang.Thread.run(Unknown Source)
... Removed 11 stack frames</pre></div><a href='#' onClick='toggleBox("stack-trace2070649124", this, "Click to show all stack frames", "Click to hide stack frames")'>Click to show all stack frames</a>
<div class='stack-trace' id='stack-trace2070649124'><pre>java.lang.AssertionError: TEST FAILED
	at org.testng.Assert.fail(Assert.java:94)
	at com.yodlee.app.yodleeApi.Insights.Notifications.V2.TestGetInsightsForFinancialFees.testGetNotificationsForFinancialFees(TestGetInsightsForFinancialFees.java:326)
	at sun.reflect.NativeMethodAccessorImpl.invoke0(Native Method)
	at sun.reflect.NativeMethodAccessorImpl.invoke(Unknown Source)
	at sun.reflect.DelegatingMethodAccessorImpl.invoke(Unknown Source)
	at java.lang.reflect.Method.invoke(Unknown Source)
	at org.testng.internal.MethodInvocationHelper.invokeMethod(MethodInvocationHelper.java:104)
	at org.testng.internal.Invoker.invokeMethod(Invoker.java:645)
	at org.testng.internal.Invoker.invokeTestMethod(Invoker.java:851)
	at org.testng.internal.Invoker.invokeTestMethods(Invoker.java:1177)
	at org.testng.internal.TestMethodWorker.invokeTestMethods(TestMethodWorker.java:129)
	at org.testng.internal.TestMethodWorker.run(TestMethodWorker.java:112)
	at java.util.concurrent.ThreadPoolExecutor.runWorker(Unknown Source)
	at java.util.concurrent.ThreadPoolExecutor$Worker.run(Unknown Source)
	at java.lang.Thread.run(Unknown Source)
</pre></div></td>
<td>66</td>
<td>com.yodlee.app.yodleeApi.Insights.Notifications.V2.TestGetInsightsForFinancialFees@2e55dd0c</td></tr>
<tr>
<td title='com.yodlee.app.yodleeApi.Insights.Notifications.V2.TestGetInsightsForFinancialFees.testGetNotificationsForFinancialFees()'><b>testGetNotificationsForFinancialFees</b><br>Test class: com.yodlee.app.yodleeApi.Insights.Notifications.V2.TestGetInsightsForFinancialFees<br>Parameters: AT-137598, Verify that at Cobrand level isSubscribed is true, user level with ConfigMeta details as true and at entityParameter level also true, FINANCIAL_FEES, FALSE, BANK,CARD, BANK, SCHEDULE, , 16441, , , 1, account, 1, TRUE, TRUE, TRUE, , , 0, , SIX_MONTHS, , , , , , , , , , , , , , , , , , , Account, 201, TRUE</td>
<td><div><pre>java.lang.AssertionError: TEST FAILED
	at com.yodlee.app.yodleeApi.Insights.Notifications.V2.TestGetInsightsForFinancialFees.testGetNotificationsForFinancialFees(TestGetInsightsForFinancialFees.java:326)
	at java.util.concurrent.ThreadPoolExecutor.runWorker(Unknown Source)
	at java.util.concurrent.ThreadPoolExecutor$Worker.run(Unknown Source)
	at java.lang.Thread.run(Unknown Source)
... Removed 11 stack frames</pre></div><a href='#' onClick='toggleBox("stack-trace30230752", this, "Click to show all stack frames", "Click to hide stack frames")'>Click to show all stack frames</a>
<div class='stack-trace' id='stack-trace30230752'><pre>java.lang.AssertionError: TEST FAILED
	at org.testng.Assert.fail(Assert.java:94)
	at com.yodlee.app.yodleeApi.Insights.Notifications.V2.TestGetInsightsForFinancialFees.testGetNotificationsForFinancialFees(TestGetInsightsForFinancialFees.java:326)
	at sun.reflect.NativeMethodAccessorImpl.invoke0(Native Method)
	at sun.reflect.NativeMethodAccessorImpl.invoke(Unknown Source)
	at sun.reflect.DelegatingMethodAccessorImpl.invoke(Unknown Source)
	at java.lang.reflect.Method.invoke(Unknown Source)
	at org.testng.internal.MethodInvocationHelper.invokeMethod(MethodInvocationHelper.java:104)
	at org.testng.internal.Invoker.invokeMethod(Invoker.java:645)
	at org.testng.internal.Invoker.invokeTestMethod(Invoker.java:851)
	at org.testng.internal.Invoker.invokeTestMethods(Invoker.java:1177)
	at org.testng.internal.TestMethodWorker.invokeTestMethods(TestMethodWorker.java:129)
	at org.testng.internal.TestMethodWorker.run(TestMethodWorker.java:112)
	at java.util.concurrent.ThreadPoolExecutor.runWorker(Unknown Source)
	at java.util.concurrent.ThreadPoolExecutor$Worker.run(Unknown Source)
	at java.lang.Thread.run(Unknown Source)
</pre></div></td>
<td>65</td>
<td>com.yodlee.app.yodleeApi.Insights.Notifications.V2.TestGetInsightsForFinancialFees@2e55dd0c</td></tr>
<tr>
<td title='com.yodlee.app.yodleeApi.Insights.Notifications.V2.TestGetInsightsForFinancialFees.testGetNotificationsForFinancialFees()'><b>testGetNotificationsForFinancialFees</b><br>Test class: com.yodlee.app.yodleeApi.Insights.Notifications.V2.TestGetInsightsForFinancialFees<br>Parameters: AT-137600, Verify the response of get User Notification for frequency as "Daily" and duration as "THIS_MONTH"., FINANCIAL_FEES, FALSE, BANK,CARD, BANK, SCHEDULE, , 16441, , , 1, account, 1, TRUE, TRUE, TRUE, , , 0, , LAST_MONTH, , , , , , , , , , , , , , , , , , , Account, 201, TRUE</td>
<td><div><pre>java.lang.AssertionError: TEST FAILED
	at com.yodlee.app.yodleeApi.Insights.Notifications.V2.TestGetInsightsForFinancialFees.testGetNotificationsForFinancialFees(TestGetInsightsForFinancialFees.java:326)
	at java.util.concurrent.ThreadPoolExecutor.runWorker(Unknown Source)
	at java.util.concurrent.ThreadPoolExecutor$Worker.run(Unknown Source)
	at java.lang.Thread.run(Unknown Source)
... Removed 11 stack frames</pre></div><a href='#' onClick='toggleBox("stack-trace517064286", this, "Click to show all stack frames", "Click to hide stack frames")'>Click to show all stack frames</a>
<div class='stack-trace' id='stack-trace517064286'><pre>java.lang.AssertionError: TEST FAILED
	at org.testng.Assert.fail(Assert.java:94)
	at com.yodlee.app.yodleeApi.Insights.Notifications.V2.TestGetInsightsForFinancialFees.testGetNotificationsForFinancialFees(TestGetInsightsForFinancialFees.java:326)
	at sun.reflect.NativeMethodAccessorImpl.invoke0(Native Method)
	at sun.reflect.NativeMethodAccessorImpl.invoke(Unknown Source)
	at sun.reflect.DelegatingMethodAccessorImpl.invoke(Unknown Source)
	at java.lang.reflect.Method.invoke(Unknown Source)
	at org.testng.internal.MethodInvocationHelper.invokeMethod(MethodInvocationHelper.java:104)
	at org.testng.internal.Invoker.invokeMethod(Invoker.java:645)
	at org.testng.internal.Invoker.invokeTestMethod(Invoker.java:851)
	at org.testng.internal.Invoker.invokeTestMethods(Invoker.java:1177)
	at org.testng.internal.TestMethodWorker.invokeTestMethods(TestMethodWorker.java:129)
	at org.testng.internal.TestMethodWorker.run(TestMethodWorker.java:112)
	at java.util.concurrent.ThreadPoolExecutor.runWorker(Unknown Source)
	at java.util.concurrent.ThreadPoolExecutor$Worker.run(Unknown Source)
	at java.lang.Thread.run(Unknown Source)
</pre></div></td>
<td>71</td>
<td>com.yodlee.app.yodleeApi.Insights.Notifications.V2.TestGetInsightsForFinancialFees@2e55dd0c</td></tr>
<tr>
<td title='com.yodlee.app.yodleeApi.Insights.Notifications.V2.TestGetInsightsForFinancialFees.testGetNotificationsForFinancialFees()'><b>testGetNotificationsForFinancialFees</b><br>Test class: com.yodlee.app.yodleeApi.Insights.Notifications.V2.TestGetInsightsForFinancialFees<br>Parameters: AT-137601, Validate FinancialFees Insight when user has opted for Frequency as "MONTHLY" and Duration as "THREE_MONTHS", FINANCIAL_FEES, FALSE, BANK,CARD, BANK, SCHEDULE, , 16441, , , 1, account, 1, TRUE, TRUE, TRUE, , , 0, , THREE_MONTHS, , , , , , , , , , , , , , , , , , , Account, 201, TRUE</td>
<td><div><pre>java.lang.AssertionError: TEST FAILED
	at com.yodlee.app.yodleeApi.Insights.Notifications.V2.TestGetInsightsForFinancialFees.testGetNotificationsForFinancialFees(TestGetInsightsForFinancialFees.java:326)
	at java.util.concurrent.ThreadPoolExecutor.runWorker(Unknown Source)
	at java.util.concurrent.ThreadPoolExecutor$Worker.run(Unknown Source)
	at java.lang.Thread.run(Unknown Source)
... Removed 11 stack frames</pre></div><a href='#' onClick='toggleBox("stack-trace922670468", this, "Click to show all stack frames", "Click to hide stack frames")'>Click to show all stack frames</a>
<div class='stack-trace' id='stack-trace922670468'><pre>java.lang.AssertionError: TEST FAILED
	at org.testng.Assert.fail(Assert.java:94)
	at com.yodlee.app.yodleeApi.Insights.Notifications.V2.TestGetInsightsForFinancialFees.testGetNotificationsForFinancialFees(TestGetInsightsForFinancialFees.java:326)
	at sun.reflect.NativeMethodAccessorImpl.invoke0(Native Method)
	at sun.reflect.NativeMethodAccessorImpl.invoke(Unknown Source)
	at sun.reflect.DelegatingMethodAccessorImpl.invoke(Unknown Source)
	at java.lang.reflect.Method.invoke(Unknown Source)
	at org.testng.internal.MethodInvocationHelper.invokeMethod(MethodInvocationHelper.java:104)
	at org.testng.internal.Invoker.invokeMethod(Invoker.java:645)
	at org.testng.internal.Invoker.invokeTestMethod(Invoker.java:851)
	at org.testng.internal.Invoker.invokeTestMethods(Invoker.java:1177)
	at org.testng.internal.TestMethodWorker.invokeTestMethods(TestMethodWorker.java:129)
	at org.testng.internal.TestMethodWorker.run(TestMethodWorker.java:112)
	at java.util.concurrent.ThreadPoolExecutor.runWorker(Unknown Source)
	at java.util.concurrent.ThreadPoolExecutor$Worker.run(Unknown Source)
	at java.lang.Thread.run(Unknown Source)
</pre></div></td>
<td>69</td>
<td>com.yodlee.app.yodleeApi.Insights.Notifications.V2.TestGetInsightsForFinancialFees@2e55dd0c</td></tr>
<tr>
<td title='com.yodlee.app.yodleeApi.Insights.Notifications.V2.TestGetInsightsForFinancialFees.testGetNotificationsForFinancialFees()'><b>testGetNotificationsForFinancialFees</b><br>Test class: com.yodlee.app.yodleeApi.Insights.Notifications.V2.TestGetInsightsForFinancialFees<br>Parameters: AT-137603, Verify the response of get User Notification filter by insightName which has insights, FINANCIAL_FEES, FALSE, BANK,CARD, BANK, SCHEDULE, , 16441, , , 1, account, 1, TRUE, TRUE, TRUE, , , 0, , THREE_MONTHS, , , , , , , , , , , , , , , , , , , Account, 201, TRUE</td>
<td><div><pre>java.lang.AssertionError: TEST FAILED
	at com.yodlee.app.yodleeApi.Insights.Notifications.V2.TestGetInsightsForFinancialFees.testGetNotificationsForFinancialFees(TestGetInsightsForFinancialFees.java:326)
	at java.util.concurrent.ThreadPoolExecutor.runWorker(Unknown Source)
	at java.util.concurrent.ThreadPoolExecutor$Worker.run(Unknown Source)
	at java.lang.Thread.run(Unknown Source)
... Removed 11 stack frames</pre></div><a href='#' onClick='toggleBox("stack-trace1578692326", this, "Click to show all stack frames", "Click to hide stack frames")'>Click to show all stack frames</a>
<div class='stack-trace' id='stack-trace1578692326'><pre>java.lang.AssertionError: TEST FAILED
	at org.testng.Assert.fail(Assert.java:94)
	at com.yodlee.app.yodleeApi.Insights.Notifications.V2.TestGetInsightsForFinancialFees.testGetNotificationsForFinancialFees(TestGetInsightsForFinancialFees.java:326)
	at sun.reflect.NativeMethodAccessorImpl.invoke0(Native Method)
	at sun.reflect.NativeMethodAccessorImpl.invoke(Unknown Source)
	at sun.reflect.DelegatingMethodAccessorImpl.invoke(Unknown Source)
	at java.lang.reflect.Method.invoke(Unknown Source)
	at org.testng.internal.MethodInvocationHelper.invokeMethod(MethodInvocationHelper.java:104)
	at org.testng.internal.Invoker.invokeMethod(Invoker.java:645)
	at org.testng.internal.Invoker.invokeTestMethod(Invoker.java:851)
	at org.testng.internal.Invoker.invokeTestMethods(Invoker.java:1177)
	at org.testng.internal.TestMethodWorker.invokeTestMethods(TestMethodWorker.java:129)
	at org.testng.internal.TestMethodWorker.run(TestMethodWorker.java:112)
	at java.util.concurrent.ThreadPoolExecutor.runWorker(Unknown Source)
	at java.util.concurrent.ThreadPoolExecutor$Worker.run(Unknown Source)
	at java.lang.Thread.run(Unknown Source)
</pre></div></td>
<td>69</td>
<td>com.yodlee.app.yodleeApi.Insights.Notifications.V2.TestGetInsightsForFinancialFees@2e55dd0c</td></tr>
<tr>
<td title='com.yodlee.app.yodleeApi.Insights.Notifications.V2.TestGetInsightsForFinancialFees.testGetNotificationsForFinancialFees()'><b>testGetNotificationsForFinancialFees</b><br>Test class: com.yodlee.app.yodleeApi.Insights.Notifications.V2.TestGetInsightsForFinancialFees<br>Parameters: AT-137644, Validate FinancialFees Insight when there is a transaction of Service Charge over a given duration and verify the response, FINANCIAL_FEES, FALSE, BANK,CARD, BANK, SCHEDULE, , 16441, , , 1, account, 1, TRUE, TRUE, , , , 0, , , , , , , , , , , , , , , , , , , , , Account, 201, TRUE</td>
<td><div><pre>java.lang.AssertionError: TEST FAILED
	at com.yodlee.app.yodleeApi.Insights.Notifications.V2.TestGetInsightsForFinancialFees.testGetNotificationsForFinancialFees(TestGetInsightsForFinancialFees.java:326)
	at java.util.concurrent.ThreadPoolExecutor.runWorker(Unknown Source)
	at java.util.concurrent.ThreadPoolExecutor$Worker.run(Unknown Source)
	at java.lang.Thread.run(Unknown Source)
... Removed 10 stack frames</pre></div><a href='#' onClick='toggleBox("stack-trace1130511828", this, "Click to show all stack frames", "Click to hide stack frames")'>Click to show all stack frames</a>
<div class='stack-trace' id='stack-trace1130511828'><pre>java.lang.AssertionError: TEST FAILED
	at org.testng.Assert.fail(Assert.java:94)
	at com.yodlee.app.yodleeApi.Insights.Notifications.V2.TestGetInsightsForFinancialFees.testGetNotificationsForFinancialFees(TestGetInsightsForFinancialFees.java:326)
	at sun.reflect.GeneratedMethodAccessor278.invoke(Unknown Source)
	at sun.reflect.DelegatingMethodAccessorImpl.invoke(Unknown Source)
	at java.lang.reflect.Method.invoke(Unknown Source)
	at org.testng.internal.MethodInvocationHelper.invokeMethod(MethodInvocationHelper.java:104)
	at org.testng.internal.Invoker.invokeMethod(Invoker.java:645)
	at org.testng.internal.Invoker.invokeTestMethod(Invoker.java:851)
	at org.testng.internal.Invoker.invokeTestMethods(Invoker.java:1177)
	at org.testng.internal.TestMethodWorker.invokeTestMethods(TestMethodWorker.java:129)
	at org.testng.internal.TestMethodWorker.run(TestMethodWorker.java:112)
	at java.util.concurrent.ThreadPoolExecutor.runWorker(Unknown Source)
	at java.util.concurrent.ThreadPoolExecutor$Worker.run(Unknown Source)
	at java.lang.Thread.run(Unknown Source)
</pre></div></td>
<td>67</td>
<td>com.yodlee.app.yodleeApi.Insights.Notifications.V2.TestGetInsightsForFinancialFees@2e55dd0c</td></tr>
<tr>
<td title='com.yodlee.app.yodleeApi.Insights.Notifications.V2.TestGetInsightsForFinancialFees.testGetNotificationsForFinancialFees()'><b>testGetNotificationsForFinancialFees</b><br>Test class: com.yodlee.app.yodleeApi.Insights.Notifications.V2.TestGetInsightsForFinancialFees<br>Parameters: AT-137647, Verify that Financial Fees insight generated when "isPeerBenchmarkEnabled" set as "True" at cobrand level and duration is ONE_YEAR, FINANCIAL_FEES, FALSE, BANK,CARD, BANK, SCHEDULE, , 16441, , , 1, account, 1, TRUE, TRUE, TRUE, , , 0, , ONE_YEAR, , , , , , , , , , , , , , , , , , , Account, 201, TRUE</td>
<td><div><pre>java.lang.AssertionError: TEST FAILED
	at com.yodlee.app.yodleeApi.Insights.Notifications.V2.TestGetInsightsForFinancialFees.testGetNotificationsForFinancialFees(TestGetInsightsForFinancialFees.java:326)
	at java.util.concurrent.ThreadPoolExecutor.runWorker(Unknown Source)
	at java.util.concurrent.ThreadPoolExecutor$Worker.run(Unknown Source)
	at java.lang.Thread.run(Unknown Source)
... Removed 10 stack frames</pre></div><a href='#' onClick='toggleBox("stack-trace1020592879", this, "Click to show all stack frames", "Click to hide stack frames")'>Click to show all stack frames</a>
<div class='stack-trace' id='stack-trace1020592879'><pre>java.lang.AssertionError: TEST FAILED
	at org.testng.Assert.fail(Assert.java:94)
	at com.yodlee.app.yodleeApi.Insights.Notifications.V2.TestGetInsightsForFinancialFees.testGetNotificationsForFinancialFees(TestGetInsightsForFinancialFees.java:326)
	at sun.reflect.GeneratedMethodAccessor278.invoke(Unknown Source)
	at sun.reflect.DelegatingMethodAccessorImpl.invoke(Unknown Source)
	at java.lang.reflect.Method.invoke(Unknown Source)
	at org.testng.internal.MethodInvocationHelper.invokeMethod(MethodInvocationHelper.java:104)
	at org.testng.internal.Invoker.invokeMethod(Invoker.java:645)
	at org.testng.internal.Invoker.invokeTestMethod(Invoker.java:851)
	at org.testng.internal.Invoker.invokeTestMethods(Invoker.java:1177)
	at org.testng.internal.TestMethodWorker.invokeTestMethods(TestMethodWorker.java:129)
	at org.testng.internal.TestMethodWorker.run(TestMethodWorker.java:112)
	at java.util.concurrent.ThreadPoolExecutor.runWorker(Unknown Source)
	at java.util.concurrent.ThreadPoolExecutor$Worker.run(Unknown Source)
	at java.lang.Thread.run(Unknown Source)
</pre></div></td>
<td>67</td>
<td>com.yodlee.app.yodleeApi.Insights.Notifications.V2.TestGetInsightsForFinancialFees@2e55dd0c</td></tr>
<tr>
<td title='com.yodlee.app.yodleeApi.Insights.Notifications.V2.TestGetInsightsForFinancialFees.testGetNotificationsForFinancialFees()'><b>testGetNotificationsForFinancialFees</b><br>Test class: com.yodlee.app.yodleeApi.Insights.Notifications.V2.TestGetInsightsForFinancialFees<br>Parameters: AT-137648, Verify that Financial Fees insight generated when "isPeerBenchmarkEnabled" set as "True" at cobrand level and duration is "THREE_MONTHS", FINANCIAL_FEES, FALSE, BANK,CARD, BANK, SCHEDULE, , 16441, , , 1, account, 1, TRUE, TRUE, , , , 0, , , , , , , , , , , , , , , , , , , , , Account, 201, TRUE</td>
<td><div><pre>java.lang.AssertionError: TEST FAILED
	at com.yodlee.app.yodleeApi.Insights.Notifications.V2.TestGetInsightsForFinancialFees.testGetNotificationsForFinancialFees(TestGetInsightsForFinancialFees.java:326)
	at java.util.concurrent.ThreadPoolExecutor.runWorker(Unknown Source)
	at java.util.concurrent.ThreadPoolExecutor$Worker.run(Unknown Source)
	at java.lang.Thread.run(Unknown Source)
... Removed 10 stack frames</pre></div><a href='#' onClick='toggleBox("stack-trace1553937451", this, "Click to show all stack frames", "Click to hide stack frames")'>Click to show all stack frames</a>
<div class='stack-trace' id='stack-trace1553937451'><pre>java.lang.AssertionError: TEST FAILED
	at org.testng.Assert.fail(Assert.java:94)
	at com.yodlee.app.yodleeApi.Insights.Notifications.V2.TestGetInsightsForFinancialFees.testGetNotificationsForFinancialFees(TestGetInsightsForFinancialFees.java:326)
	at sun.reflect.GeneratedMethodAccessor278.invoke(Unknown Source)
	at sun.reflect.DelegatingMethodAccessorImpl.invoke(Unknown Source)
	at java.lang.reflect.Method.invoke(Unknown Source)
	at org.testng.internal.MethodInvocationHelper.invokeMethod(MethodInvocationHelper.java:104)
	at org.testng.internal.Invoker.invokeMethod(Invoker.java:645)
	at org.testng.internal.Invoker.invokeTestMethod(Invoker.java:851)
	at org.testng.internal.Invoker.invokeTestMethods(Invoker.java:1177)
	at org.testng.internal.TestMethodWorker.invokeTestMethods(TestMethodWorker.java:129)
	at org.testng.internal.TestMethodWorker.run(TestMethodWorker.java:112)
	at java.util.concurrent.ThreadPoolExecutor.runWorker(Unknown Source)
	at java.util.concurrent.ThreadPoolExecutor$Worker.run(Unknown Source)
	at java.lang.Thread.run(Unknown Source)
</pre></div></td>
<td>67</td>
<td>com.yodlee.app.yodleeApi.Insights.Notifications.V2.TestGetInsightsForFinancialFees@2e55dd0c</td></tr>
<tr>
<td title='com.yodlee.app.yodleeApi.Insights.Notifications.V2.TestGetInsightsForFinancialFees.testGetNotificationsForFinancialFees()'><b>testGetNotificationsForFinancialFees</b><br>Test class: com.yodlee.app.yodleeApi.Insights.Notifications.V2.TestGetInsightsForFinancialFees<br>Parameters: AT-137649, Verify that Financial Fees insight generated when "isPeerBenchmarkEnabled" set as "True" at cobrand level and duration is "SIX_MONTHS", FINANCIAL_FEES, FALSE, BANK,CARD, BANK, SCHEDULE, , 16441, , , 1, account, 1, TRUE, TRUE, TRUE, , , 0, , SIX_MONTHS, , , , , , , , , , , , , , , , , , , Account, 201, TRUE</td>
<td><div><pre>java.lang.AssertionError: TEST FAILED
	at com.yodlee.app.yodleeApi.Insights.Notifications.V2.TestGetInsightsForFinancialFees.testGetNotificationsForFinancialFees(TestGetInsightsForFinancialFees.java:326)
	at java.util.concurrent.ThreadPoolExecutor.runWorker(Unknown Source)
	at java.util.concurrent.ThreadPoolExecutor$Worker.run(Unknown Source)
	at java.lang.Thread.run(Unknown Source)
... Removed 10 stack frames</pre></div><a href='#' onClick='toggleBox("stack-trace1520399836", this, "Click to show all stack frames", "Click to hide stack frames")'>Click to show all stack frames</a>
<div class='stack-trace' id='stack-trace1520399836'><pre>java.lang.AssertionError: TEST FAILED
	at org.testng.Assert.fail(Assert.java:94)
	at com.yodlee.app.yodleeApi.Insights.Notifications.V2.TestGetInsightsForFinancialFees.testGetNotificationsForFinancialFees(TestGetInsightsForFinancialFees.java:326)
	at sun.reflect.GeneratedMethodAccessor278.invoke(Unknown Source)
	at sun.reflect.DelegatingMethodAccessorImpl.invoke(Unknown Source)
	at java.lang.reflect.Method.invoke(Unknown Source)
	at org.testng.internal.MethodInvocationHelper.invokeMethod(MethodInvocationHelper.java:104)
	at org.testng.internal.Invoker.invokeMethod(Invoker.java:645)
	at org.testng.internal.Invoker.invokeTestMethod(Invoker.java:851)
	at org.testng.internal.Invoker.invokeTestMethods(Invoker.java:1177)
	at org.testng.internal.TestMethodWorker.invokeTestMethods(TestMethodWorker.java:129)
	at org.testng.internal.TestMethodWorker.run(TestMethodWorker.java:112)
	at java.util.concurrent.ThreadPoolExecutor.runWorker(Unknown Source)
	at java.util.concurrent.ThreadPoolExecutor$Worker.run(Unknown Source)
	at java.lang.Thread.run(Unknown Source)
</pre></div></td>
<td>73</td>
<td>com.yodlee.app.yodleeApi.Insights.Notifications.V2.TestGetInsightsForFinancialFees@2e55dd0c</td></tr>
<tr>
<td title='com.yodlee.app.yodleeApi.Insights.Notifications.V2.TestGetInsightsForFinancialFees.testGetNotificationsForFinancialFees()'><b>testGetNotificationsForFinancialFees</b><br>Test class: com.yodlee.app.yodleeApi.Insights.Notifications.V2.TestGetInsightsForFinancialFees<br>Parameters: AT-137650, Verify that Financial Fees insight generated when "isPeerBenchmarkEnabled" set as "True" at cobrand level and duration is "LAST_MONTH", FINANCIAL_FEES, TRUE, BANK,CARD, BANK, SCHEDULE, , 16441, , , 1, account, 1, TRUE, TRUE, TRUE, , , 0, , LAST_MONTH, , , , , , , , , , , , , , , , , , , Account, 201, TRUE</td>
<td><div><pre>java.lang.AssertionError: TEST FAILED
	at com.yodlee.app.yodleeApi.Insights.Notifications.V2.TestGetInsightsForFinancialFees.testGetNotificationsForFinancialFees(TestGetInsightsForFinancialFees.java:326)
	at java.util.concurrent.ThreadPoolExecutor.runWorker(Unknown Source)
	at java.util.concurrent.ThreadPoolExecutor$Worker.run(Unknown Source)
	at java.lang.Thread.run(Unknown Source)
... Removed 10 stack frames</pre></div><a href='#' onClick='toggleBox("stack-trace943387900", this, "Click to show all stack frames", "Click to hide stack frames")'>Click to show all stack frames</a>
<div class='stack-trace' id='stack-trace943387900'><pre>java.lang.AssertionError: TEST FAILED
	at org.testng.Assert.fail(Assert.java:94)
	at com.yodlee.app.yodleeApi.Insights.Notifications.V2.TestGetInsightsForFinancialFees.testGetNotificationsForFinancialFees(TestGetInsightsForFinancialFees.java:326)
	at sun.reflect.GeneratedMethodAccessor278.invoke(Unknown Source)
	at sun.reflect.DelegatingMethodAccessorImpl.invoke(Unknown Source)
	at java.lang.reflect.Method.invoke(Unknown Source)
	at org.testng.internal.MethodInvocationHelper.invokeMethod(MethodInvocationHelper.java:104)
	at org.testng.internal.Invoker.invokeMethod(Invoker.java:645)
	at org.testng.internal.Invoker.invokeTestMethod(Invoker.java:851)
	at org.testng.internal.Invoker.invokeTestMethods(Invoker.java:1177)
	at org.testng.internal.TestMethodWorker.invokeTestMethods(TestMethodWorker.java:129)
	at org.testng.internal.TestMethodWorker.run(TestMethodWorker.java:112)
	at java.util.concurrent.ThreadPoolExecutor.runWorker(Unknown Source)
	at java.util.concurrent.ThreadPoolExecutor$Worker.run(Unknown Source)
	at java.lang.Thread.run(Unknown Source)
</pre></div></td>
<td>75</td>
<td>com.yodlee.app.yodleeApi.Insights.Notifications.V2.TestGetInsightsForFinancialFees@2e55dd0c</td></tr>
<tr>
<td title='com.yodlee.app.yodleeApi.Insights.Notifications.V2.TestGetInsightsForFinancialFees.testGetNotificationsForFinancialFees()'><b>testGetNotificationsForFinancialFees</b><br>Test class: com.yodlee.app.yodleeApi.Insights.Notifications.V2.TestGetInsightsForFinancialFees<br>Parameters: AT-137655, Validate FinancialFees Insight when user has opted for Frequency as "Daily" and Duration as "ONE_YEAR", FINANCIAL_FEES, FALSE, BANK,CARD, BANK, SCHEDULE, , 16441, , , 1, account, 1, TRUE, TRUE, TRUE, , , 0, , ONE_YEAR, , , , , , , , , , , , , , , , , , , Account, 201, TRUE</td>
<td><div><pre>java.lang.AssertionError: TEST FAILED
	at com.yodlee.app.yodleeApi.Insights.Notifications.V2.TestGetInsightsForFinancialFees.testGetNotificationsForFinancialFees(TestGetInsightsForFinancialFees.java:326)
	at java.util.concurrent.ThreadPoolExecutor.runWorker(Unknown Source)
	at java.util.concurrent.ThreadPoolExecutor$Worker.run(Unknown Source)
	at java.lang.Thread.run(Unknown Source)
... Removed 10 stack frames</pre></div><a href='#' onClick='toggleBox("stack-trace1062983030", this, "Click to show all stack frames", "Click to hide stack frames")'>Click to show all stack frames</a>
<div class='stack-trace' id='stack-trace1062983030'><pre>java.lang.AssertionError: TEST FAILED
	at org.testng.Assert.fail(Assert.java:94)
	at com.yodlee.app.yodleeApi.Insights.Notifications.V2.TestGetInsightsForFinancialFees.testGetNotificationsForFinancialFees(TestGetInsightsForFinancialFees.java:326)
	at sun.reflect.GeneratedMethodAccessor278.invoke(Unknown Source)
	at sun.reflect.DelegatingMethodAccessorImpl.invoke(Unknown Source)
	at java.lang.reflect.Method.invoke(Unknown Source)
	at org.testng.internal.MethodInvocationHelper.invokeMethod(MethodInvocationHelper.java:104)
	at org.testng.internal.Invoker.invokeMethod(Invoker.java:645)
	at org.testng.internal.Invoker.invokeTestMethod(Invoker.java:851)
	at org.testng.internal.Invoker.invokeTestMethods(Invoker.java:1177)
	at org.testng.internal.TestMethodWorker.invokeTestMethods(TestMethodWorker.java:129)
	at org.testng.internal.TestMethodWorker.run(TestMethodWorker.java:112)
	at java.util.concurrent.ThreadPoolExecutor.runWorker(Unknown Source)
	at java.util.concurrent.ThreadPoolExecutor$Worker.run(Unknown Source)
	at java.lang.Thread.run(Unknown Source)
</pre></div></td>
<td>72</td>
<td>com.yodlee.app.yodleeApi.Insights.Notifications.V2.TestGetInsightsForFinancialFees@2e55dd0c</td></tr>
<tr>
<td title='com.yodlee.app.yodleeApi.Insights.Notifications.V2.TestGetInsightsForFinancialFees.testGetNotificationsForFinancialFees()'><b>testGetNotificationsForFinancialFees</b><br>Test class: com.yodlee.app.yodleeApi.Insights.Notifications.V2.TestGetInsightsForFinancialFees<br>Parameters: AT-137622, Validate FinancialFees Insight when user has created board for THIS_MONTH for category Service Charge, FINANCIAL_FEES, FALSE, BANK,CARD, BANK, SCHEDULE, , 16441, Ini_FeesBank1.site16441.2, site16441.2, 1, view, 1, TRUE, TRUE, TRUE, , , 0, FinancialFees_Views.json, THIS_MONTH, , , 1, FinancialFees, Financial Fees Description , EXPENSE, 1000, USD, MONTHLY_RECURRING, Test Rule, 0,-11,0, 0,0,1, 0, 0, , , 24, , View, 201, TRUE</td>
<td><div><pre>java.lang.AssertionError: TEST FAILED
	at com.yodlee.app.yodleeApi.Insights.Notifications.V2.TestGetInsightsForFinancialFees.testGetNotificationsForFinancialFees(TestGetInsightsForFinancialFees.java:326)
	at java.util.concurrent.ThreadPoolExecutor.runWorker(Unknown Source)
	at java.util.concurrent.ThreadPoolExecutor$Worker.run(Unknown Source)
	at java.lang.Thread.run(Unknown Source)
... Removed 10 stack frames</pre></div><a href='#' onClick='toggleBox("stack-trace850602753", this, "Click to show all stack frames", "Click to hide stack frames")'>Click to show all stack frames</a>
<div class='stack-trace' id='stack-trace850602753'><pre>java.lang.AssertionError: TEST FAILED
	at org.testng.Assert.fail(Assert.java:94)
	at com.yodlee.app.yodleeApi.Insights.Notifications.V2.TestGetInsightsForFinancialFees.testGetNotificationsForFinancialFees(TestGetInsightsForFinancialFees.java:326)
	at sun.reflect.GeneratedMethodAccessor278.invoke(Unknown Source)
	at sun.reflect.DelegatingMethodAccessorImpl.invoke(Unknown Source)
	at java.lang.reflect.Method.invoke(Unknown Source)
	at org.testng.internal.MethodInvocationHelper.invokeMethod(MethodInvocationHelper.java:104)
	at org.testng.internal.Invoker.invokeMethod(Invoker.java:645)
	at org.testng.internal.Invoker.invokeTestMethod(Invoker.java:851)
	at org.testng.internal.Invoker.invokeTestMethods(Invoker.java:1177)
	at org.testng.internal.TestMethodWorker.invokeTestMethods(TestMethodWorker.java:129)
	at org.testng.internal.TestMethodWorker.run(TestMethodWorker.java:112)
	at java.util.concurrent.ThreadPoolExecutor.runWorker(Unknown Source)
	at java.util.concurrent.ThreadPoolExecutor$Worker.run(Unknown Source)
	at java.lang.Thread.run(Unknown Source)
</pre></div></td>
<td>87</td>
<td>com.yodlee.app.yodleeApi.Insights.Notifications.V2.TestGetInsightsForFinancialFees@2e55dd0c</td></tr>
<tr>
<td title='com.yodlee.app.yodleeApi.Insights.Notifications.V2.TestGetInsightsForFinancialFees.testGetNotificationsForFinancialFees()'><b>testGetNotificationsForFinancialFees</b><br>Test class: com.yodlee.app.yodleeApi.Insights.Notifications.V2.TestGetInsightsForFinancialFees<br>Parameters: AT-137623, Validate FinancialFees Insight when user has created board for LAST_MONTH for category Service Charge, FINANCIAL_FEES, FALSE, BANK,CARD, BANK, SCHEDULE, , 16441, , , 1, view, 1, TRUE, TRUE, TRUE, , , 0, , LAST_MONTH, , , 1, FinancialFees, Financial Fees Description , EXPENSE, 1000, USD, MONTHLY_RECURRING, Test Rule, 0,-11,0, 0,0,1, 0, 0, , , 24, , View, 201, TRUE</td>
<td><div><pre>java.lang.AssertionError: TEST FAILED
	at com.yodlee.app.yodleeApi.Insights.Notifications.V2.TestGetInsightsForFinancialFees.testGetNotificationsForFinancialFees(TestGetInsightsForFinancialFees.java:326)
	at java.util.concurrent.ThreadPoolExecutor.runWorker(Unknown Source)
	at java.util.concurrent.ThreadPoolExecutor$Worker.run(Unknown Source)
	at java.lang.Thread.run(Unknown Source)
... Removed 10 stack frames</pre></div><a href='#' onClick='toggleBox("stack-trace1446886629", this, "Click to show all stack frames", "Click to hide stack frames")'>Click to show all stack frames</a>
<div class='stack-trace' id='stack-trace1446886629'><pre>java.lang.AssertionError: TEST FAILED
	at org.testng.Assert.fail(Assert.java:94)
	at com.yodlee.app.yodleeApi.Insights.Notifications.V2.TestGetInsightsForFinancialFees.testGetNotificationsForFinancialFees(TestGetInsightsForFinancialFees.java:326)
	at sun.reflect.GeneratedMethodAccessor278.invoke(Unknown Source)
	at sun.reflect.DelegatingMethodAccessorImpl.invoke(Unknown Source)
	at java.lang.reflect.Method.invoke(Unknown Source)
	at org.testng.internal.MethodInvocationHelper.invokeMethod(MethodInvocationHelper.java:104)
	at org.testng.internal.Invoker.invokeMethod(Invoker.java:645)
	at org.testng.internal.Invoker.invokeTestMethod(Invoker.java:851)
	at org.testng.internal.Invoker.invokeTestMethods(Invoker.java:1177)
	at org.testng.internal.TestMethodWorker.invokeTestMethods(TestMethodWorker.java:129)
	at org.testng.internal.TestMethodWorker.run(TestMethodWorker.java:112)
	at java.util.concurrent.ThreadPoolExecutor.runWorker(Unknown Source)
	at java.util.concurrent.ThreadPoolExecutor$Worker.run(Unknown Source)
	at java.lang.Thread.run(Unknown Source)
</pre></div></td>
<td>72</td>
<td>com.yodlee.app.yodleeApi.Insights.Notifications.V2.TestGetInsightsForFinancialFees@2e55dd0c</td></tr>
<tr>
<td title='com.yodlee.app.yodleeApi.Insights.Notifications.V2.TestGetInsightsForFinancialFees.testGetNotificationsForFinancialFees()'><b>testGetNotificationsForFinancialFees</b><br>Test class: com.yodlee.app.yodleeApi.Insights.Notifications.V2.TestGetInsightsForFinancialFees<br>Parameters: AT-137624, Validate FinancialFees Insight when user has created board for THREE_MONTHS for category Service Charge, FINANCIAL_FEES, FALSE, BANK,CARD, BANK, SCHEDULE, , 16441, , , 1, view, 1, TRUE, TRUE, , , , 0, , , , , 1, FinancialFees, Financial Fees Description , EXPENSE, 1000, USD, MONTHLY_RECURRING, Test Rule, 0,-11,0, 0,0,1, 0, 50, , , 24, , View, 201, TRUE</td>
<td><div><pre>java.lang.AssertionError: TEST FAILED
	at com.yodlee.app.yodleeApi.Insights.Notifications.V2.TestGetInsightsForFinancialFees.testGetNotificationsForFinancialFees(TestGetInsightsForFinancialFees.java:326)
	at java.util.concurrent.ThreadPoolExecutor.runWorker(Unknown Source)
	at java.util.concurrent.ThreadPoolExecutor$Worker.run(Unknown Source)
	at java.lang.Thread.run(Unknown Source)
... Removed 10 stack frames</pre></div><a href='#' onClick='toggleBox("stack-trace1703341969", this, "Click to show all stack frames", "Click to hide stack frames")'>Click to show all stack frames</a>
<div class='stack-trace' id='stack-trace1703341969'><pre>java.lang.AssertionError: TEST FAILED
	at org.testng.Assert.fail(Assert.java:94)
	at com.yodlee.app.yodleeApi.Insights.Notifications.V2.TestGetInsightsForFinancialFees.testGetNotificationsForFinancialFees(TestGetInsightsForFinancialFees.java:326)
	at sun.reflect.GeneratedMethodAccessor278.invoke(Unknown Source)
	at sun.reflect.DelegatingMethodAccessorImpl.invoke(Unknown Source)
	at java.lang.reflect.Method.invoke(Unknown Source)
	at org.testng.internal.MethodInvocationHelper.invokeMethod(MethodInvocationHelper.java:104)
	at org.testng.internal.Invoker.invokeMethod(Invoker.java:645)
	at org.testng.internal.Invoker.invokeTestMethod(Invoker.java:851)
	at org.testng.internal.Invoker.invokeTestMethods(Invoker.java:1177)
	at org.testng.internal.TestMethodWorker.invokeTestMethods(TestMethodWorker.java:129)
	at org.testng.internal.TestMethodWorker.run(TestMethodWorker.java:112)
	at java.util.concurrent.ThreadPoolExecutor.runWorker(Unknown Source)
	at java.util.concurrent.ThreadPoolExecutor$Worker.run(Unknown Source)
	at java.lang.Thread.run(Unknown Source)
</pre></div></td>
<td>71</td>
<td>com.yodlee.app.yodleeApi.Insights.Notifications.V2.TestGetInsightsForFinancialFees@2e55dd0c</td></tr>
<tr>
<td title='com.yodlee.app.yodleeApi.Insights.Notifications.V2.TestGetInsightsForFinancialFees.testGetNotificationsForFinancialFees()'><b>testGetNotificationsForFinancialFees</b><br>Test class: com.yodlee.app.yodleeApi.Insights.Notifications.V2.TestGetInsightsForFinancialFees<br>Parameters: AT-137625, Validate FinancialFees Insight when user has created board for SIX_MONTH for category Service Charge, FINANCIAL_FEES, FALSE, BANK,CARD, BANK, SCHEDULE, , 16441, , , 1, view, 1, TRUE, TRUE, TRUE, , , 0, , SIX_MONTHS, , , 1, FinancialFees, Financial Fees Description , EXPENSE, 1000, USD, MONTHLY_RECURRING, Test Rule, 0,-11,0, 0,0,1, 0, 0, , , 24, , View, 201, TRUE</td>
<td><div><pre>java.lang.AssertionError: TEST FAILED
	at com.yodlee.app.yodleeApi.Insights.Notifications.V2.TestGetInsightsForFinancialFees.testGetNotificationsForFinancialFees(TestGetInsightsForFinancialFees.java:326)
	at java.util.concurrent.ThreadPoolExecutor.runWorker(Unknown Source)
	at java.util.concurrent.ThreadPoolExecutor$Worker.run(Unknown Source)
	at java.lang.Thread.run(Unknown Source)
... Removed 10 stack frames</pre></div><a href='#' onClick='toggleBox("stack-trace550908264", this, "Click to show all stack frames", "Click to hide stack frames")'>Click to show all stack frames</a>
<div class='stack-trace' id='stack-trace550908264'><pre>java.lang.AssertionError: TEST FAILED
	at org.testng.Assert.fail(Assert.java:94)
	at com.yodlee.app.yodleeApi.Insights.Notifications.V2.TestGetInsightsForFinancialFees.testGetNotificationsForFinancialFees(TestGetInsightsForFinancialFees.java:326)
	at sun.reflect.GeneratedMethodAccessor278.invoke(Unknown Source)
	at sun.reflect.DelegatingMethodAccessorImpl.invoke(Unknown Source)
	at java.lang.reflect.Method.invoke(Unknown Source)
	at org.testng.internal.MethodInvocationHelper.invokeMethod(MethodInvocationHelper.java:104)
	at org.testng.internal.Invoker.invokeMethod(Invoker.java:645)
	at org.testng.internal.Invoker.invokeTestMethod(Invoker.java:851)
	at org.testng.internal.Invoker.invokeTestMethods(Invoker.java:1177)
	at org.testng.internal.TestMethodWorker.invokeTestMethods(TestMethodWorker.java:129)
	at org.testng.internal.TestMethodWorker.run(TestMethodWorker.java:112)
	at java.util.concurrent.ThreadPoolExecutor.runWorker(Unknown Source)
	at java.util.concurrent.ThreadPoolExecutor$Worker.run(Unknown Source)
	at java.lang.Thread.run(Unknown Source)
</pre></div></td>
<td>79</td>
<td>com.yodlee.app.yodleeApi.Insights.Notifications.V2.TestGetInsightsForFinancialFees@2e55dd0c</td></tr>
<tr>
<td title='com.yodlee.app.yodleeApi.Insights.Notifications.V2.TestGetInsightsForFinancialFees.testGetNotificationsForFinancialFees()'><b>testGetNotificationsForFinancialFees</b><br>Test class: com.yodlee.app.yodleeApi.Insights.Notifications.V2.TestGetInsightsForFinancialFees<br>Parameters: AT-137626, Validate FinancialFees Insight when user has created board for ONE_YEAR for category Service Charge, FINANCIAL_FEES, FALSE, BANK,CARD, BANK, SCHEDULE, , 16441, , , 1, view, 1, TRUE, TRUE, TRUE, , , 0, , ONE_YEAR, , , 1, FinancialFees, Financial Fees Description , EXPENSE, 1000, USD, MONTHLY_RECURRING, Test Rule, 0,-11,0, 0,0,1, 0, 0, , , 24, , View, 201, TRUE</td>
<td><div><pre>java.lang.AssertionError: TEST FAILED
	at com.yodlee.app.yodleeApi.Insights.Notifications.V2.TestGetInsightsForFinancialFees.testGetNotificationsForFinancialFees(TestGetInsightsForFinancialFees.java:326)
	at java.util.concurrent.ThreadPoolExecutor.runWorker(Unknown Source)
	at java.util.concurrent.ThreadPoolExecutor$Worker.run(Unknown Source)
	at java.lang.Thread.run(Unknown Source)
... Removed 10 stack frames</pre></div><a href='#' onClick='toggleBox("stack-trace1782635014", this, "Click to show all stack frames", "Click to hide stack frames")'>Click to show all stack frames</a>
<div class='stack-trace' id='stack-trace1782635014'><pre>java.lang.AssertionError: TEST FAILED
	at org.testng.Assert.fail(Assert.java:94)
	at com.yodlee.app.yodleeApi.Insights.Notifications.V2.TestGetInsightsForFinancialFees.testGetNotificationsForFinancialFees(TestGetInsightsForFinancialFees.java:326)
	at sun.reflect.GeneratedMethodAccessor278.invoke(Unknown Source)
	at sun.reflect.DelegatingMethodAccessorImpl.invoke(Unknown Source)
	at java.lang.reflect.Method.invoke(Unknown Source)
	at org.testng.internal.MethodInvocationHelper.invokeMethod(MethodInvocationHelper.java:104)
	at org.testng.internal.Invoker.invokeMethod(Invoker.java:645)
	at org.testng.internal.Invoker.invokeTestMethod(Invoker.java:851)
	at org.testng.internal.Invoker.invokeTestMethods(Invoker.java:1177)
	at org.testng.internal.TestMethodWorker.invokeTestMethods(TestMethodWorker.java:129)
	at org.testng.internal.TestMethodWorker.run(TestMethodWorker.java:112)
	at java.util.concurrent.ThreadPoolExecutor.runWorker(Unknown Source)
	at java.util.concurrent.ThreadPoolExecutor$Worker.run(Unknown Source)
	at java.lang.Thread.run(Unknown Source)
</pre></div></td>
<td>79</td>
<td>com.yodlee.app.yodleeApi.Insights.Notifications.V2.TestGetInsightsForFinancialFees@2e55dd0c</td></tr>
<tr>
<td title='com.yodlee.app.yodleeApi.Insights.Notifications.V2.TestGetInsightsForFinancialFees.testGetNotificationsForFinancialFees()'><b>testGetNotificationsForFinancialFees</b><br>Test class: com.yodlee.app.yodleeApi.Insights.Notifications.V2.TestGetInsightsForFinancialFees<br>Parameters: AT-137629, Validate FinancialFees Insight when user has created board for TWO MONTHS Period and Duration is THIS_MONTH, FINANCIAL_FEES, FALSE, BANK,CARD, BANK, SCHEDULE, , 16441, , , 1, view, 1, TRUE, TRUE, TRUE, , , 0, , THIS_MONTH, , , 1, FinancialFees, Financial Fees Description , EXPENSE, 1000, USD, MONTHLY_RECURRING, Test Rule, 0,-2,0, 0,0,1, 0, 0, , , 24, , View, 201, TRUE</td>
<td><div><pre>java.lang.AssertionError: TEST FAILED
	at com.yodlee.app.yodleeApi.Insights.Notifications.V2.TestGetInsightsForFinancialFees.testGetNotificationsForFinancialFees(TestGetInsightsForFinancialFees.java:326)
	at java.util.concurrent.ThreadPoolExecutor.runWorker(Unknown Source)
	at java.util.concurrent.ThreadPoolExecutor$Worker.run(Unknown Source)
	at java.lang.Thread.run(Unknown Source)
... Removed 10 stack frames</pre></div><a href='#' onClick='toggleBox("stack-trace1883879137", this, "Click to show all stack frames", "Click to hide stack frames")'>Click to show all stack frames</a>
<div class='stack-trace' id='stack-trace1883879137'><pre>java.lang.AssertionError: TEST FAILED
	at org.testng.Assert.fail(Assert.java:94)
	at com.yodlee.app.yodleeApi.Insights.Notifications.V2.TestGetInsightsForFinancialFees.testGetNotificationsForFinancialFees(TestGetInsightsForFinancialFees.java:326)
	at sun.reflect.GeneratedMethodAccessor278.invoke(Unknown Source)
	at sun.reflect.DelegatingMethodAccessorImpl.invoke(Unknown Source)
	at java.lang.reflect.Method.invoke(Unknown Source)
	at org.testng.internal.MethodInvocationHelper.invokeMethod(MethodInvocationHelper.java:104)
	at org.testng.internal.Invoker.invokeMethod(Invoker.java:645)
	at org.testng.internal.Invoker.invokeTestMethod(Invoker.java:851)
	at org.testng.internal.Invoker.invokeTestMethods(Invoker.java:1177)
	at org.testng.internal.TestMethodWorker.invokeTestMethods(TestMethodWorker.java:129)
	at org.testng.internal.TestMethodWorker.run(TestMethodWorker.java:112)
	at java.util.concurrent.ThreadPoolExecutor.runWorker(Unknown Source)
	at java.util.concurrent.ThreadPoolExecutor$Worker.run(Unknown Source)
	at java.lang.Thread.run(Unknown Source)
</pre></div></td>
<td>74</td>
<td>com.yodlee.app.yodleeApi.Insights.Notifications.V2.TestGetInsightsForFinancialFees@2e55dd0c</td></tr>
<tr>
<td title='com.yodlee.app.yodleeApi.Insights.Notifications.V2.TestGetInsightsForFinancialFees.testGetNotificationsForFinancialFees()'><b>testGetNotificationsForFinancialFees</b><br>Test class: com.yodlee.app.yodleeApi.Insights.Notifications.V2.TestGetInsightsForFinancialFees<br>Parameters: AT-137630, Validate FinancialFees Insight when user has created board for SIX MONTHS Period and Duration is LAST_MONTH, FINANCIAL_FEES, FALSE, BANK,CARD, BANK, SCHEDULE, , 16441, , , 1, view, 1, TRUE, TRUE, TRUE, , , 0, , LAST_MONTH, , , 1, FinancialFees, Financial Fees Description , EXPENSE, 1000, USD, MONTHLY_RECURRING, Test Rule, 0,-6,0, 0,0,1, 0, 0, , , 24, , View, 201, TRUE</td>
<td><div><pre>java.lang.AssertionError: TEST FAILED
	at com.yodlee.app.yodleeApi.Insights.Notifications.V2.TestGetInsightsForFinancialFees.testGetNotificationsForFinancialFees(TestGetInsightsForFinancialFees.java:326)
	at java.util.concurrent.ThreadPoolExecutor.runWorker(Unknown Source)
	at java.util.concurrent.ThreadPoolExecutor$Worker.run(Unknown Source)
	at java.lang.Thread.run(Unknown Source)
... Removed 10 stack frames</pre></div><a href='#' onClick='toggleBox("stack-trace1497514707", this, "Click to show all stack frames", "Click to hide stack frames")'>Click to show all stack frames</a>
<div class='stack-trace' id='stack-trace1497514707'><pre>java.lang.AssertionError: TEST FAILED
	at org.testng.Assert.fail(Assert.java:94)
	at com.yodlee.app.yodleeApi.Insights.Notifications.V2.TestGetInsightsForFinancialFees.testGetNotificationsForFinancialFees(TestGetInsightsForFinancialFees.java:326)
	at sun.reflect.GeneratedMethodAccessor278.invoke(Unknown Source)
	at sun.reflect.DelegatingMethodAccessorImpl.invoke(Unknown Source)
	at java.lang.reflect.Method.invoke(Unknown Source)
	at org.testng.internal.MethodInvocationHelper.invokeMethod(MethodInvocationHelper.java:104)
	at org.testng.internal.Invoker.invokeMethod(Invoker.java:645)
	at org.testng.internal.Invoker.invokeTestMethod(Invoker.java:851)
	at org.testng.internal.Invoker.invokeTestMethods(Invoker.java:1177)
	at org.testng.internal.TestMethodWorker.invokeTestMethods(TestMethodWorker.java:129)
	at org.testng.internal.TestMethodWorker.run(TestMethodWorker.java:112)
	at java.util.concurrent.ThreadPoolExecutor.runWorker(Unknown Source)
	at java.util.concurrent.ThreadPoolExecutor$Worker.run(Unknown Source)
	at java.lang.Thread.run(Unknown Source)
</pre></div></td>
<td>70</td>
<td>com.yodlee.app.yodleeApi.Insights.Notifications.V2.TestGetInsightsForFinancialFees@2e55dd0c</td></tr>
<tr>
<td title='com.yodlee.app.yodleeApi.Insights.Notifications.V2.TestGetInsightsForFinancialFees.testGetNotificationsForFinancialFees()'><b>testGetNotificationsForFinancialFees</b><br>Test class: com.yodlee.app.yodleeApi.Insights.Notifications.V2.TestGetInsightsForFinancialFees<br>Parameters: AT-137631, Validate FinancialFees Insight when user has created board for SIX MONTHS Period and Duration is THREE_MONTHS including with AccountID and Amount Range, FINANCIAL_FEES, FALSE, BANK,CARD, BANK, SCHEDULE, , 16441, , , 1, view, 1, TRUE, TRUE, TRUE, , , 0, , , ICICISavingAccount, , 1, FinancialFees, Financial Fees Description , EXPENSE, 1000, USD, MONTHLY_RECURRING, Test Rule, 0,-6,0, 0,0,1, 0, 50, , , 24, , View, 201, TRUE</td>
<td><div><pre>java.lang.AssertionError: TEST FAILED
	at com.yodlee.app.yodleeApi.Insights.Notifications.V2.TestGetInsightsForFinancialFees.testGetNotificationsForFinancialFees(TestGetInsightsForFinancialFees.java:326)
	at java.util.concurrent.ThreadPoolExecutor.runWorker(Unknown Source)
	at java.util.concurrent.ThreadPoolExecutor$Worker.run(Unknown Source)
	at java.lang.Thread.run(Unknown Source)
... Removed 10 stack frames</pre></div><a href='#' onClick='toggleBox("stack-trace1297773687", this, "Click to show all stack frames", "Click to hide stack frames")'>Click to show all stack frames</a>
<div class='stack-trace' id='stack-trace1297773687'><pre>java.lang.AssertionError: TEST FAILED
	at org.testng.Assert.fail(Assert.java:94)
	at com.yodlee.app.yodleeApi.Insights.Notifications.V2.TestGetInsightsForFinancialFees.testGetNotificationsForFinancialFees(TestGetInsightsForFinancialFees.java:326)
	at sun.reflect.GeneratedMethodAccessor278.invoke(Unknown Source)
	at sun.reflect.DelegatingMethodAccessorImpl.invoke(Unknown Source)
	at java.lang.reflect.Method.invoke(Unknown Source)
	at org.testng.internal.MethodInvocationHelper.invokeMethod(MethodInvocationHelper.java:104)
	at org.testng.internal.Invoker.invokeMethod(Invoker.java:645)
	at org.testng.internal.Invoker.invokeTestMethod(Invoker.java:851)
	at org.testng.internal.Invoker.invokeTestMethods(Invoker.java:1177)
	at org.testng.internal.TestMethodWorker.invokeTestMethods(TestMethodWorker.java:129)
	at org.testng.internal.TestMethodWorker.run(TestMethodWorker.java:112)
	at java.util.concurrent.ThreadPoolExecutor.runWorker(Unknown Source)
	at java.util.concurrent.ThreadPoolExecutor$Worker.run(Unknown Source)
	at java.lang.Thread.run(Unknown Source)
</pre></div></td>
<td>74</td>
<td>com.yodlee.app.yodleeApi.Insights.Notifications.V2.TestGetInsightsForFinancialFees@2e55dd0c</td></tr>
<tr>
<td title='com.yodlee.app.yodleeApi.Insights.Notifications.V2.TestGetInsightsForFinancialFees.testGetNotificationsForFinancialFees()'><b>testGetNotificationsForFinancialFees</b><br>Test class: com.yodlee.app.yodleeApi.Insights.Notifications.V2.TestGetInsightsForFinancialFees<br>Parameters: AT-137632, Validate FinancialFees Insight when user has created board by including only transaction Id, FINANCIAL_FEES, FALSE, BANK,CARD, BANK, SCHEDULE, , 16441, , , 1, view, 0, TRUE, TRUE, TRUE, , , 0, , THIS_MONTH, ICICISavingAccount, , 1, FinancialFees, Financial Fees Description , EXPENSE, 1000, USD, MONTHLY_RECURRING, Test Rule, 0,-11,0, 0,0,1, 0, 0, , , , 2, View, 201, TRUE</td>
<td><div><pre>java.lang.ArrayIndexOutOfBoundsException: 0
	at com.yodlee.insights.yodleeApi.utils.InsightsGenerics.getTransactionIds(InsightsGenerics.java:273)
	at com.yodlee.app.yodleeApi.Insights.Notifications.V2.TestGetInsightsForFinancialFees.testGetNotificationsForFinancialFees(TestGetInsightsForFinancialFees.java:277)
	at java.util.concurrent.ThreadPoolExecutor.runWorker(Unknown Source)
	at java.util.concurrent.ThreadPoolExecutor$Worker.run(Unknown Source)
	at java.lang.Thread.run(Unknown Source)
... Removed 9 stack frames</pre></div><a href='#' onClick='toggleBox("stack-trace1574264072", this, "Click to show all stack frames", "Click to hide stack frames")'>Click to show all stack frames</a>
<div class='stack-trace' id='stack-trace1574264072'><pre>java.lang.ArrayIndexOutOfBoundsException: 0
	at com.yodlee.insights.yodleeApi.utils.InsightsGenerics.getTransactionIds(InsightsGenerics.java:273)
	at com.yodlee.app.yodleeApi.Insights.Notifications.V2.TestGetInsightsForFinancialFees.testGetNotificationsForFinancialFees(TestGetInsightsForFinancialFees.java:277)
	at sun.reflect.GeneratedMethodAccessor278.invoke(Unknown Source)
	at sun.reflect.DelegatingMethodAccessorImpl.invoke(Unknown Source)
	at java.lang.reflect.Method.invoke(Unknown Source)
	at org.testng.internal.MethodInvocationHelper.invokeMethod(MethodInvocationHelper.java:104)
	at org.testng.internal.Invoker.invokeMethod(Invoker.java:645)
	at org.testng.internal.Invoker.invokeTestMethod(Invoker.java:851)
	at org.testng.internal.Invoker.invokeTestMethods(Invoker.java:1177)
	at org.testng.internal.TestMethodWorker.invokeTestMethods(TestMethodWorker.java:129)
	at org.testng.internal.TestMethodWorker.run(TestMethodWorker.java:112)
	at java.util.concurrent.ThreadPoolExecutor.runWorker(Unknown Source)
	at java.util.concurrent.ThreadPoolExecutor$Worker.run(Unknown Source)
	at java.lang.Thread.run(Unknown Source)
</pre></div></td>
<td>4</td>
<td>com.yodlee.app.yodleeApi.Insights.Notifications.V2.TestGetInsightsForFinancialFees@2e55dd0c</td></tr>
</table><p>
<table width='100%' border='1' class='invocation-passed'>
<tr><td colspan='4' align='center'><b>PASSED TESTS</b></td></tr>
<tr><td><b>Test method</b></td>
<td width="30%"><b>Exception</b></td>
<td width="10%"><b>Time (seconds)</b></td>
<td><b>Instance</b></td>
</tr>
<tr>
<td title='com.yodlee.app.yodleeApi.Insights.Notifications.V2.TestGetInsightsForFinancialFees.testGetNotificationsForFinancialFees()'><b>testGetNotificationsForFinancialFees</b><br>Test class: com.yodlee.app.yodleeApi.Insights.Notifications.V2.TestGetInsightsForFinancialFees<br>Parameters: AT-137587, Validate FinancialFees Insight when there is no transaction of Service Charge over a given duration, FINANCIAL_FEES, FALSE, BANK,CARD, BANK, SCHEDULE, , 16441, Ini_FeesBankOld.site16441.1, site16441.1, 1, account, 0, TRUE, TRUE, , , , 0, , , , , , , , , , , , , , , , , , , , , Account, 201, TRUE</td>
<td></td>
<td>84</td>
<td>com.yodlee.app.yodleeApi.Insights.Notifications.V2.TestGetInsightsForFinancialFees@2e55dd0c</td></tr>
<tr>
<td title='com.yodlee.app.yodleeApi.Insights.Notifications.V2.TestGetInsightsForFinancialFees.testGetNotificationsForFinancialFees()'><b>testGetNotificationsForFinancialFees</b><br>Test class: com.yodlee.app.yodleeApi.Insights.Notifications.V2.TestGetInsightsForFinancialFees<br>Parameters: AT-137589, Validate FinancialFees Insight when user has only INSURANCE container, FINANCIAL_FEES, FALSE, BANK,CARD, INSURANCE, SCHEDULE, , 16441, Ini_FeesInsurance1.site16441.2, site16441.2, 1, account, 0, TRUE, TRUE, , , , 0, , , , , , , , , , , , , , , , , , , , , Account, 201, TRUE</td>
<td></td>
<td>103</td>
<td>com.yodlee.app.yodleeApi.Insights.Notifications.V2.TestGetInsightsForFinancialFees@2e55dd0c</td></tr>
<tr>
<td title='com.yodlee.app.yodleeApi.Insights.Notifications.V2.TestGetInsightsForFinancialFees.testGetNotificationsForFinancialFees()'><b>testGetNotificationsForFinancialFees</b><br>Test class: com.yodlee.app.yodleeApi.Insights.Notifications.V2.TestGetInsightsForFinancialFees<br>Parameters: AT-137592, Validate FinancialFees Insight when user subscribed to specific account which is in CLOSED status, FINANCIAL_FEES, FALSE, BANK,CARD, BANK, SCHEDULE, , 16441, Ini_FeesBank1.site16441.2, site16441.2, 1, account, 0, TRUE, TRUE, TRUE, ICICISavingAccount, TRUE, 0, , , ICICISavingAccount, CLOSED, , , , , , , , , , , , , , , , , Account, 201, TRUE</td>
<td></td>
<td>86</td>
<td>com.yodlee.app.yodleeApi.Insights.Notifications.V2.TestGetInsightsForFinancialFees@2e55dd0c</td></tr>
<tr>
<td title='com.yodlee.app.yodleeApi.Insights.Notifications.V2.TestGetInsightsForFinancialFees.testGetNotificationsForFinancialFees()'><b>testGetNotificationsForFinancialFees</b><br>Test class: com.yodlee.app.yodleeApi.Insights.Notifications.V2.TestGetInsightsForFinancialFees<br>Parameters: AT-137599, Validate FinancialFees Insight when cobrand is not Subscribed  : No Insight Should be Generated, FINANCIAL_FEES, FALSE, BANK,CARD, BANK, SCHEDULE, , 16441, , , 1, account, 0, TRUE, FALSE, , , , 0, , , , , , , , , , , , , , , , , , , , , Account, 201, TRUE</td>
<td></td>
<td>69</td>
<td>com.yodlee.app.yodleeApi.Insights.Notifications.V2.TestGetInsightsForFinancialFees@2e55dd0c</td></tr>
<tr>
<td title='com.yodlee.app.yodleeApi.Insights.Notifications.V2.TestGetInsightsForFinancialFees.testGetNotificationsForFinancialFees()'><b>testGetNotificationsForFinancialFees</b><br>Test class: com.yodlee.app.yodleeApi.Insights.Notifications.V2.TestGetInsightsForFinancialFees<br>Parameters: AT-146484, Validate FinancialFees Insight when cobrand is  Subscribed and User is unsubscribed : No Insight Should be Generated, FINANCIAL_FEES, FALSE, BANK,CARD, BANK, SCHEDULE, , 16441, , , 1, account, 0, TRUE, TRUE, FALSE, , , 0, , , , , , , , , , , , , , , , , , , , , Account, 201, TRUE</td>
<td></td>
<td>71</td>
<td>com.yodlee.app.yodleeApi.Insights.Notifications.V2.TestGetInsightsForFinancialFees@2e55dd0c</td></tr>
<tr>
<td title='com.yodlee.app.yodleeApi.Insights.Notifications.V2.TestGetInsightsForFinancialFees.testGetNotificationsForFinancialFees()'><b>testGetNotificationsForFinancialFees</b><br>Test class: com.yodlee.app.yodleeApi.Insights.Notifications.V2.TestGetInsightsForFinancialFees<br>Parameters: AT-137627, Validate FinancialFees Insight when user has created board for Future date period., FINANCIAL_FEES, FALSE, BANK,CARD, BANK, SCHEDULE, , 16441, , , 1, view, 0, TRUE, TRUE, , , , 0, , , , , 1, FinancialFees, Financial Fees Description , EXPENSE, 1000, USD, MONTHLY_RECURRING, Test Rule, 0,1,0, 0,2,0, 0, 0, , , 24, , View, 201, TRUE</td>
<td></td>
<td>71</td>
<td>com.yodlee.app.yodleeApi.Insights.Notifications.V2.TestGetInsightsForFinancialFees@2e55dd0c</td></tr>
<tr>
<td title='com.yodlee.app.yodleeApi.Insights.Notifications.V2.TestGetInsightsForFinancialFees.testGetNotificationsForFinancialFees()'><b>testGetNotificationsForFinancialFees</b><br>Test class: com.yodlee.app.yodleeApi.Insights.Notifications.V2.TestGetInsightsForFinancialFees<br>Parameters: AT-137628, Validate FinancialFees Insight when user has created board for Past Date Period, FINANCIAL_FEES, FALSE, BANK,CARD, BANK, SCHEDULE, , 16441, , , 1, view, 0, TRUE, TRUE, TRUE, , , 0, , THIS_MONTH, , , 1, FinancialFees, Financial Fees Description , EXPENSE, 1000, USD, MONTHLY_RECURRING, Test Rule, 0,-2,0, 0,-1,0, 0, 0, , , 24, , View, 201, TRUE</td>
<td></td>
<td>72</td>
<td>com.yodlee.app.yodleeApi.Insights.Notifications.V2.TestGetInsightsForFinancialFees@2e55dd0c</td></tr>
</table><p>
</body>
</html>