<?xml version="1.0" encoding="UTF-8"?>
<!-- Generated by org.testng.reporters.JUnitXMLReporter -->
<testsuite hostname="IN-L2504" ignored="0" name="GET Feeds - Suggested Saving Opportunity Insight" tests="12" failures="0" timestamp="03 Jun 2021 14:39:04 GMT" time="864.925" errors="0">
  <testcase name="testGetNotificationsForSuggestedSavingOpportunity" time="139.108" classname="com.yodlee.app.yodleeApi.Insights.Notifications.V2.TestGetInsightsForSuggestedSavingOpportunity"/>
  <testcase name="testGetNotificationsForSuggestedSavingOpportunity" time="103.263" classname="com.yodlee.app.yodleeApi.Insights.Notifications.V2.TestGetInsightsForSuggestedSavingOpportunity"/>
  <testcase name="testGetNotificationsForSuggestedSavingOpportunity" time="15.645" classname="com.yodlee.app.yodleeApi.Insights.Notifications.V2.TestGetInsightsForSuggestedSavingOpportunity"/>
  <testcase name="testGetNotificationsForSuggestedSavingOpportunity" time="61.86" classname="com.yodlee.app.yodleeApi.Insights.Notifications.V2.TestGetInsightsForSuggestedSavingOpportunity"/>
  <testcase name="testGetNotificationsForSuggestedSavingOpportunity" time="60.905" classname="com.yodlee.app.yodleeApi.Insights.Notifications.V2.TestGetInsightsForSuggestedSavingOpportunity"/>
  <testcase name="testGetNotificationsForSuggestedSavingOpportunity" time="57.13" classname="com.yodlee.app.yodleeApi.Insights.Notifications.V2.TestGetInsightsForSuggestedSavingOpportunity"/>
  <testcase name="testGetNotificationsForSuggestedSavingOpportunity" time="69.15" classname="com.yodlee.app.yodleeApi.Insights.Notifications.V2.TestGetInsightsForSuggestedSavingOpportunity"/>
  <testcase name="testGetNotificationsForSuggestedSavingOpportunity" time="53.998" classname="com.yodlee.app.yodleeApi.Insights.Notifications.V2.TestGetInsightsForSuggestedSavingOpportunity"/>
  <testcase name="testGetNotificationsForSuggestedSavingOpportunity" time="55.732" classname="com.yodlee.app.yodleeApi.Insights.Notifications.V2.TestGetInsightsForSuggestedSavingOpportunity"/>
  <testcase name="testGetNotificationsForSuggestedSavingOpportunity" time="57.597" classname="com.yodlee.app.yodleeApi.Insights.Notifications.V2.TestGetInsightsForSuggestedSavingOpportunity"/>
  <testcase name="testGetNotificationsForSuggestedSavingOpportunity" time="68.582" classname="com.yodlee.app.yodleeApi.Insights.Notifications.V2.TestGetInsightsForSuggestedSavingOpportunity"/>
  <testcase name="testGetNotificationsForSuggestedSavingOpportunity" time="100.746" classname="com.yodlee.app.yodleeApi.Insights.Notifications.V2.TestGetInsightsForSuggestedSavingOpportunity"/>
</testsuite> <!-- GET Feeds - Suggested Saving Opportunity Insight -->
