<?xml version="1.0" encoding="UTF-8"?>
<!-- Generated by org.testng.reporters.JUnitXMLReporter -->
<testsuite hostname="IN-L2504" ignored="0" name="GET  User Subscriptions-V2" tests="67" failures="14" timestamp="09 Apr 2021 11:37:35 GMT" time="243.522" errors="0">
  <testcase name="testGetUserSubscriptions" time="0.702" classname="com.yodlee.app.yodleeApi.Insights.V2.TestGetUserSubscriptions">
    <failure type="java.lang.AssertionError" message="null">
      <![CDATA[java.lang.AssertionError: null
	at com.yodlee.app.yodleeApi.Insights.V2.TestGetUserSubscriptions.testGetUserSubscriptions(TestGetUserSubscriptions.java:177)
	at java.util.concurrent.ThreadPoolExecutor.runWorker(Unknown Source)
	at java.util.concurrent.ThreadPoolExecutor$Worker.run(Unknown Source)
	at java.lang.Thread.run(Unknown Source)
... Removed 12 stack frames]]>
    </failure>
  </testcase> <!-- testGetUserSubscriptions -->
  <testcase name="testGetUserSubscriptions" time="0.293" classname="com.yodlee.app.yodleeApi.Insights.V2.TestGetUserSubscriptions">
    <failure type="java.lang.AssertionError" message="null">
      <![CDATA[java.lang.AssertionError: null
	at com.yodlee.app.yodleeApi.Insights.V2.TestGetUserSubscriptions.testGetUserSubscriptions(TestGetUserSubscriptions.java:177)
	at java.util.concurrent.ThreadPoolExecutor.runWorker(Unknown Source)
	at java.util.concurrent.ThreadPoolExecutor$Worker.run(Unknown Source)
	at java.lang.Thread.run(Unknown Source)
... Removed 12 stack frames]]>
    </failure>
  </testcase> <!-- testGetUserSubscriptions -->
  <testcase name="testGetUserSubscriptions" time="0.353" classname="com.yodlee.app.yodleeApi.Insights.V2.TestGetUserSubscriptions">
    <failure type="java.lang.AssertionError" message="null">
      <![CDATA[java.lang.AssertionError: null
	at com.yodlee.app.yodleeApi.Insights.V2.TestGetUserSubscriptions.testGetUserSubscriptions(TestGetUserSubscriptions.java:177)
	at java.util.concurrent.ThreadPoolExecutor.runWorker(Unknown Source)
	at java.util.concurrent.ThreadPoolExecutor$Worker.run(Unknown Source)
	at java.lang.Thread.run(Unknown Source)
... Removed 12 stack frames]]>
    </failure>
  </testcase> <!-- testGetUserSubscriptions -->
  <testcase name="testGetUserSubscriptions" time="0.728" classname="com.yodlee.app.yodleeApi.Insights.V2.TestGetUserSubscriptions"/>
  <testcase name="testGetUserSubscriptions" time="0.334" classname="com.yodlee.app.yodleeApi.Insights.V2.TestGetUserSubscriptions">
    <failure type="java.lang.AssertionError" message="null">
      <![CDATA[java.lang.AssertionError: null
	at com.yodlee.app.yodleeApi.Insights.V2.TestGetUserSubscriptions.testGetUserSubscriptions(TestGetUserSubscriptions.java:177)
	at java.util.concurrent.ThreadPoolExecutor.runWorker(Unknown Source)
	at java.util.concurrent.ThreadPoolExecutor$Worker.run(Unknown Source)
	at java.lang.Thread.run(Unknown Source)
... Removed 12 stack frames]]>
    </failure>
  </testcase> <!-- testGetUserSubscriptions -->
  <testcase name="testGetUserSubscriptions" time="0.373" classname="com.yodlee.app.yodleeApi.Insights.V2.TestGetUserSubscriptions">
    <failure type="java.lang.AssertionError" message="null">
      <![CDATA[java.lang.AssertionError: null
	at com.yodlee.app.yodleeApi.Insights.V2.TestGetUserSubscriptions.testGetUserSubscriptions(TestGetUserSubscriptions.java:177)
	at java.util.concurrent.ThreadPoolExecutor.runWorker(Unknown Source)
	at java.util.concurrent.ThreadPoolExecutor$Worker.run(Unknown Source)
	at java.lang.Thread.run(Unknown Source)
... Removed 12 stack frames]]>
    </failure>
  </testcase> <!-- testGetUserSubscriptions -->
  <testcase name="testGetUserSubscriptions" time="0.371" classname="com.yodlee.app.yodleeApi.Insights.V2.TestGetUserSubscriptions"/>
  <testcase name="testGetUserSubscriptions" time="0.276" classname="com.yodlee.app.yodleeApi.Insights.V2.TestGetUserSubscriptions"/>
  <testcase name="testGetUserSubscriptions" time="0.317" classname="com.yodlee.app.yodleeApi.Insights.V2.TestGetUserSubscriptions"/>
  <testcase name="testGetUserSubscriptions" time="0.339" classname="com.yodlee.app.yodleeApi.Insights.V2.TestGetUserSubscriptions"/>
  <testcase name="testGetUserSubscriptions" time="0.381" classname="com.yodlee.app.yodleeApi.Insights.V2.TestGetUserSubscriptions"/>
  <testcase name="testGetUserSubscriptions" time="0.451" classname="com.yodlee.app.yodleeApi.Insights.V2.TestGetUserSubscriptions"/>
  <testcase name="testGetUserSubscriptions" time="0.392" classname="com.yodlee.app.yodleeApi.Insights.V2.TestGetUserSubscriptions"/>
  <testcase name="testGetUserSubscriptions" time="0.409" classname="com.yodlee.app.yodleeApi.Insights.V2.TestGetUserSubscriptions"/>
  <testcase name="testGetUserSubscriptions" time="0.441" classname="com.yodlee.app.yodleeApi.Insights.V2.TestGetUserSubscriptions"/>
  <testcase name="testGetUserSubscriptions" time="0.294" classname="com.yodlee.app.yodleeApi.Insights.V2.TestGetUserSubscriptions"/>
  <testcase name="testGetUserSubscriptions" time="0.438" classname="com.yodlee.app.yodleeApi.Insights.V2.TestGetUserSubscriptions"/>
  <testcase name="testGetUserSubscriptions" time="0.371" classname="com.yodlee.app.yodleeApi.Insights.V2.TestGetUserSubscriptions"/>
  <testcase name="testGetUserSubscriptions" time="0.362" classname="com.yodlee.app.yodleeApi.Insights.V2.TestGetUserSubscriptions">
    <failure type="java.lang.AssertionError" message="null">
      <![CDATA[java.lang.AssertionError: null
	at com.yodlee.app.yodleeApi.Insights.V2.TestGetUserSubscriptions.testGetUserSubscriptions(TestGetUserSubscriptions.java:177)
	at java.util.concurrent.ThreadPoolExecutor.runWorker(Unknown Source)
	at java.util.concurrent.ThreadPoolExecutor$Worker.run(Unknown Source)
	at java.lang.Thread.run(Unknown Source)
... Removed 11 stack frames]]>
    </failure>
  </testcase> <!-- testGetUserSubscriptions -->
  <testcase name="testGetUserSubscriptions" time="0.342" classname="com.yodlee.app.yodleeApi.Insights.V2.TestGetUserSubscriptions"/>
  <testcase name="testGetUserSubscriptions" time="0.365" classname="com.yodlee.app.yodleeApi.Insights.V2.TestGetUserSubscriptions"/>
  <testcase name="testGetUserSubscriptions" time="0.356" classname="com.yodlee.app.yodleeApi.Insights.V2.TestGetUserSubscriptions"/>
  <testcase name="testGetUserSubscriptions" time="0.383" classname="com.yodlee.app.yodleeApi.Insights.V2.TestGetUserSubscriptions"/>
  <testcase name="testGetUserSubscriptions" time="0.674" classname="com.yodlee.app.yodleeApi.Insights.V2.TestGetUserSubscriptions"/>
  <testcase name="testGetUserSubscriptions" time="0.443" classname="com.yodlee.app.yodleeApi.Insights.V2.TestGetUserSubscriptions"/>
  <testcase name="testGetUserSubscriptions" time="0.282" classname="com.yodlee.app.yodleeApi.Insights.V2.TestGetUserSubscriptions"/>
  <testcase name="testGetUserSubscriptions" time="0.332" classname="com.yodlee.app.yodleeApi.Insights.V2.TestGetUserSubscriptions"/>
  <testcase name="testGetUserSubscriptions" time="0.381" classname="com.yodlee.app.yodleeApi.Insights.V2.TestGetUserSubscriptions"/>
  <testcase name="testGetUserSubscriptions" time="0.34" classname="com.yodlee.app.yodleeApi.Insights.V2.TestGetUserSubscriptions">
    <failure type="java.lang.AssertionError" message="null">
      <![CDATA[java.lang.AssertionError: null
	at com.yodlee.app.yodleeApi.Insights.V2.TestGetUserSubscriptions.testGetUserSubscriptions(TestGetUserSubscriptions.java:177)
	at java.util.concurrent.ThreadPoolExecutor.runWorker(Unknown Source)
	at java.util.concurrent.ThreadPoolExecutor$Worker.run(Unknown Source)
	at java.lang.Thread.run(Unknown Source)
... Removed 11 stack frames]]>
    </failure>
  </testcase> <!-- testGetUserSubscriptions -->
  <testcase name="testGetUserSubscriptions" time="0.231" classname="com.yodlee.app.yodleeApi.Insights.V2.TestGetUserSubscriptions"/>
  <testcase name="testGetUserSubscriptions" time="0.31" classname="com.yodlee.app.yodleeApi.Insights.V2.TestGetUserSubscriptions"/>
  <testcase name="testGetUserSubscriptions" time="0.256" classname="com.yodlee.app.yodleeApi.Insights.V2.TestGetUserSubscriptions">
    <failure type="java.lang.AssertionError" message="null">
      <![CDATA[java.lang.AssertionError: null
	at com.yodlee.app.yodleeApi.Insights.V2.TestGetUserSubscriptions.testGetUserSubscriptions(TestGetUserSubscriptions.java:177)
	at java.util.concurrent.ThreadPoolExecutor.runWorker(Unknown Source)
	at java.util.concurrent.ThreadPoolExecutor$Worker.run(Unknown Source)
	at java.lang.Thread.run(Unknown Source)
... Removed 11 stack frames]]>
    </failure>
  </testcase> <!-- testGetUserSubscriptions -->
  <testcase name="testGetUserSubscriptions" time="0.355" classname="com.yodlee.app.yodleeApi.Insights.V2.TestGetUserSubscriptions"/>
  <testcase name="testGetUserSubscriptions" time="0.341" classname="com.yodlee.app.yodleeApi.Insights.V2.TestGetUserSubscriptions"/>
  <testcase name="testGetUserSubscriptions" time="0.387" classname="com.yodlee.app.yodleeApi.Insights.V2.TestGetUserSubscriptions"/>
  <testcase name="testGetUserSubscriptions" time="0.167" classname="com.yodlee.app.yodleeApi.Insights.V2.TestGetUserSubscriptions"/>
  <testcase name="testGetUserSubscriptions" time="0.243" classname="com.yodlee.app.yodleeApi.Insights.V2.TestGetUserSubscriptions">
    <failure type="java.lang.AssertionError" message="null">
      <![CDATA[java.lang.AssertionError: null
	at com.yodlee.app.yodleeApi.Insights.V2.TestGetUserSubscriptions.testGetUserSubscriptions(TestGetUserSubscriptions.java:177)
	at java.util.concurrent.ThreadPoolExecutor.runWorker(Unknown Source)
	at java.util.concurrent.ThreadPoolExecutor$Worker.run(Unknown Source)
	at java.lang.Thread.run(Unknown Source)
... Removed 11 stack frames]]>
    </failure>
  </testcase> <!-- testGetUserSubscriptions -->
  <testcase name="testGetUserSubscriptions" time="0.33" classname="com.yodlee.app.yodleeApi.Insights.V2.TestGetUserSubscriptions">
    <failure type="java.lang.AssertionError" message="null">
      <![CDATA[java.lang.AssertionError: null
	at com.yodlee.app.yodleeApi.Insights.V2.TestGetUserSubscriptions.testGetUserSubscriptions(TestGetUserSubscriptions.java:177)
	at java.util.concurrent.ThreadPoolExecutor.runWorker(Unknown Source)
	at java.util.concurrent.ThreadPoolExecutor$Worker.run(Unknown Source)
	at java.lang.Thread.run(Unknown Source)
... Removed 11 stack frames]]>
    </failure>
  </testcase> <!-- testGetUserSubscriptions -->
  <testcase name="testGetUserSubscriptions" time="0.353" classname="com.yodlee.app.yodleeApi.Insights.V2.TestGetUserSubscriptions"/>
  <testcase name="testGetUserSubscriptions" time="0.326" classname="com.yodlee.app.yodleeApi.Insights.V2.TestGetUserSubscriptions"/>
  <testcase name="testGetUserSubscriptions" time="0.374" classname="com.yodlee.app.yodleeApi.Insights.V2.TestGetUserSubscriptions"/>
  <testcase name="testGetUserSubscriptions" time="0.328" classname="com.yodlee.app.yodleeApi.Insights.V2.TestGetUserSubscriptions">
    <failure type="java.lang.AssertionError" message="null">
      <![CDATA[java.lang.AssertionError: null
	at com.yodlee.app.yodleeApi.Insights.V2.TestGetUserSubscriptions.testGetUserSubscriptions(TestGetUserSubscriptions.java:177)
	at java.util.concurrent.ThreadPoolExecutor.runWorker(Unknown Source)
	at java.util.concurrent.ThreadPoolExecutor$Worker.run(Unknown Source)
	at java.lang.Thread.run(Unknown Source)
... Removed 11 stack frames]]>
    </failure>
  </testcase> <!-- testGetUserSubscriptions -->
  <testcase name="testGetUserSubscriptions" time="0.358" classname="com.yodlee.app.yodleeApi.Insights.V2.TestGetUserSubscriptions"/>
  <testcase name="testGetUserSubscriptions" time="0.316" classname="com.yodlee.app.yodleeApi.Insights.V2.TestGetUserSubscriptions"/>
  <testcase name="testGetUserSubscriptions" time="0.341" classname="com.yodlee.app.yodleeApi.Insights.V2.TestGetUserSubscriptions"/>
  <testcase name="testGetUserSubscriptions" time="0.326" classname="com.yodlee.app.yodleeApi.Insights.V2.TestGetUserSubscriptions"/>
  <testcase name="testGetUserSubscriptions" time="0.345" classname="com.yodlee.app.yodleeApi.Insights.V2.TestGetUserSubscriptions"/>
  <testcase name="testGetUserSubscriptions" time="0.38" classname="com.yodlee.app.yodleeApi.Insights.V2.TestGetUserSubscriptions"/>
  <testcase name="testGetUserSubscriptions" time="0.368" classname="com.yodlee.app.yodleeApi.Insights.V2.TestGetUserSubscriptions"/>
  <testcase name="testGetUserSubscriptions" time="0.354" classname="com.yodlee.app.yodleeApi.Insights.V2.TestGetUserSubscriptions"/>
  <testcase name="testGetUserSubscriptions" time="0.362" classname="com.yodlee.app.yodleeApi.Insights.V2.TestGetUserSubscriptions"/>
  <testcase name="testGetUserSubscriptions" time="0.342" classname="com.yodlee.app.yodleeApi.Insights.V2.TestGetUserSubscriptions"/>
  <testcase name="testGetUserSubscriptions" time="0.385" classname="com.yodlee.app.yodleeApi.Insights.V2.TestGetUserSubscriptions"/>
  <testcase name="testGetUserSubscriptions" time="0.391" classname="com.yodlee.app.yodleeApi.Insights.V2.TestGetUserSubscriptions">
    <failure type="java.lang.AssertionError" message="null">
      <![CDATA[java.lang.AssertionError: null
	at com.yodlee.app.yodleeApi.Insights.V2.TestGetUserSubscriptions.testGetUserSubscriptions(TestGetUserSubscriptions.java:177)
	at java.util.concurrent.ThreadPoolExecutor.runWorker(Unknown Source)
	at java.util.concurrent.ThreadPoolExecutor$Worker.run(Unknown Source)
	at java.lang.Thread.run(Unknown Source)
... Removed 11 stack frames]]>
    </failure>
  </testcase> <!-- testGetUserSubscriptions -->
  <testcase name="testGetUserSubscriptions" time="0.42" classname="com.yodlee.app.yodleeApi.Insights.V2.TestGetUserSubscriptions"/>
  <testcase name="testGetUserSubscriptions" time="0.302" classname="com.yodlee.app.yodleeApi.Insights.V2.TestGetUserSubscriptions"/>
  <testcase name="testGetUserSubscriptions" time="0.368" classname="com.yodlee.app.yodleeApi.Insights.V2.TestGetUserSubscriptions"/>
  <testcase name="testGetUserSubscriptions" time="0.38" classname="com.yodlee.app.yodleeApi.Insights.V2.TestGetUserSubscriptions"/>
  <testcase name="testGetUserSubscriptions" time="0.313" classname="com.yodlee.app.yodleeApi.Insights.V2.TestGetUserSubscriptions"/>
  <testcase name="testGetUserSubscriptions" time="0.383" classname="com.yodlee.app.yodleeApi.Insights.V2.TestGetUserSubscriptions"/>
  <testcase name="testGetUserSubscriptions" time="0.387" classname="com.yodlee.app.yodleeApi.Insights.V2.TestGetUserSubscriptions">
    <failure type="java.lang.AssertionError" message="null">
      <![CDATA[java.lang.AssertionError: null
	at com.yodlee.app.yodleeApi.Insights.V2.TestGetUserSubscriptions.testGetUserSubscriptions(TestGetUserSubscriptions.java:177)
	at java.util.concurrent.ThreadPoolExecutor.runWorker(Unknown Source)
	at java.util.concurrent.ThreadPoolExecutor$Worker.run(Unknown Source)
	at java.lang.Thread.run(Unknown Source)
... Removed 11 stack frames]]>
    </failure>
  </testcase> <!-- testGetUserSubscriptions -->
  <testcase name="testGetUserSubscriptions" time="0.323" classname="com.yodlee.app.yodleeApi.Insights.V2.TestGetUserSubscriptions"/>
  <testcase name="testGetUserSubscriptions" time="0.348" classname="com.yodlee.app.yodleeApi.Insights.V2.TestGetUserSubscriptions"/>
  <testcase name="testGetUserSubscriptions" time="0.438" classname="com.yodlee.app.yodleeApi.Insights.V2.TestGetUserSubscriptions"/>
  <testcase name="testGetUserSubscriptions" time="0.589" classname="com.yodlee.app.yodleeApi.Insights.V2.TestGetUserSubscriptions">
    <failure type="java.lang.AssertionError" message="null">
      <![CDATA[java.lang.AssertionError: null
	at com.yodlee.app.yodleeApi.Insights.V2.TestGetUserSubscriptions.testGetUserSubscriptions(TestGetUserSubscriptions.java:177)
	at java.util.concurrent.ThreadPoolExecutor.runWorker(Unknown Source)
	at java.util.concurrent.ThreadPoolExecutor$Worker.run(Unknown Source)
	at java.lang.Thread.run(Unknown Source)
... Removed 11 stack frames]]>
    </failure>
  </testcase> <!-- testGetUserSubscriptions -->
  <testcase name="testGetUserSubscriptions" time="0.691" classname="com.yodlee.app.yodleeApi.Insights.V2.TestGetUserSubscriptions"/>
  <testcase name="testGetUserSubscriptions" time="0.654" classname="com.yodlee.app.yodleeApi.Insights.V2.TestGetUserSubscriptions"/>
</testsuite> <!-- GET  User Subscriptions-V2 -->
