<?xml version="1.0" encoding="UTF-8"?>
<!-- Generated by org.testng.reporters.JUnitXMLReporter -->
<testsuite hostname="IN-L2504" ignored="0" name="GET Feeds - Networth Summary" tests="15" failures="1" timestamp="28 Apr 2021 04:45:19 GMT" time="968.049" errors="0">
  <testcase name="testGetNotificationsForNetworthSummary" time="111.879" classname="com.yodlee.app.yodleeApi.Insights.Notifications.V2.TestGetInsightsForNetworthSummary"/>
  <testcase name="testGetNotificationsForNetworthSummary" time="62.858" classname="com.yodlee.app.yodleeApi.Insights.Notifications.V2.TestGetInsightsForNetworthSummary"/>
  <testcase name="testGetNotificationsForNetworthSummary" time="51.379" classname="com.yodlee.app.yodleeApi.Insights.Notifications.V2.TestGetInsightsForNetworthSummary"/>
  <testcase name="testGetNotificationsForNetworthSummary" time="58.31" classname="com.yodlee.app.yodleeApi.Insights.Notifications.V2.TestGetInsightsForNetworthSummary"/>
  <testcase name="testGetNotificationsForNetworthSummary" time="60.227" classname="com.yodlee.app.yodleeApi.Insights.Notifications.V2.TestGetInsightsForNetworthSummary"/>
  <testcase name="testGetNotificationsForNetworthSummary" time="61.732" classname="com.yodlee.app.yodleeApi.Insights.Notifications.V2.TestGetInsightsForNetworthSummary"/>
  <testcase name="testGetNotificationsForNetworthSummary" time="55.787" classname="com.yodlee.app.yodleeApi.Insights.Notifications.V2.TestGetInsightsForNetworthSummary"/>
  <testcase name="testGetNotificationsForNetworthSummary" time="64.105" classname="com.yodlee.app.yodleeApi.Insights.Notifications.V2.TestGetInsightsForNetworthSummary"/>
  <testcase name="testGetNotificationsForNetworthSummary" time="55.604" classname="com.yodlee.app.yodleeApi.Insights.Notifications.V2.TestGetInsightsForNetworthSummary"/>
  <testcase name="testGetNotificationsForNetworthSummary" time="61.515" classname="com.yodlee.app.yodleeApi.Insights.Notifications.V2.TestGetInsightsForNetworthSummary">
    <failure type="java.lang.AssertionError" message="TEST FAILED">
      <![CDATA[java.lang.AssertionError: TEST FAILED
	at com.yodlee.app.yodleeApi.Insights.Notifications.V2.TestGetInsightsForNetworthSummary.testGetNotificationsForNetworthSummary(TestGetInsightsForNetworthSummary.java:298)
	at java.util.concurrent.ThreadPoolExecutor.runWorker(Unknown Source)
	at java.util.concurrent.ThreadPoolExecutor$Worker.run(Unknown Source)
	at java.lang.Thread.run(Unknown Source)
... Removed 11 stack frames]]>
    </failure>
  </testcase> <!-- testGetNotificationsForNetworthSummary -->
  <testcase name="testGetNotificationsForNetworthSummary" time="66.278" classname="com.yodlee.app.yodleeApi.Insights.Notifications.V2.TestGetInsightsForNetworthSummary"/>
  <testcase name="testGetNotificationsForNetworthSummary" time="57.435" classname="com.yodlee.app.yodleeApi.Insights.Notifications.V2.TestGetInsightsForNetworthSummary"/>
  <testcase name="testGetNotificationsForNetworthSummary" time="60.32" classname="com.yodlee.app.yodleeApi.Insights.Notifications.V2.TestGetInsightsForNetworthSummary"/>
  <testcase name="testGetNotificationsForNetworthSummary" time="61.4" classname="com.yodlee.app.yodleeApi.Insights.Notifications.V2.TestGetInsightsForNetworthSummary"/>
  <testcase name="testGetNotificationsForNetworthSummary" time="61.764" classname="com.yodlee.app.yodleeApi.Insights.Notifications.V2.TestGetInsightsForNetworthSummary"/>
</testsuite> <!-- GET Feeds - Networth Summary -->
