<?xml version="1.0" encoding="UTF-8"?>
<!-- Generated by org.testng.reporters.JUnitXMLReporter -->
<testsuite ignored="0" hostname="IN-L2504" failures="0" tests="3" name="List User" time="1.668" errors="0" timestamp="25 Feb 2021 09:26:18 GMT">
  <testcase classname="com.ListUsers.ListUsers" name="listSingleUserInformation" time="0.403"/>
  <testcase classname="com.ListUsers.ListUsers" name="listAllUsersInformaitonPageOne" time="0.382"/>
  <testcase classname="com.ListUsers.ListUsers" name="listAllUsersInformaitonPageTwo" time="0.391"/>
</testsuite> <!-- List User -->
